[ 2015-06-29T10:09:07+08:00 ] 127.0.0.1 /index.php/Home/Buy/changeGoodsNumber/?%22good_id/%22+$(this).attr(%22gdid%22)+%22/changTo/%22+changto
INFO: [ app_begin ] --START--
INFO: Run Behavior\ReadHtmlCacheBehavior [ RunTime:0.000555s ]
INFO: [ app_begin ] --END-- [ RunTime:0.000878s ]
SQL: SHOW COLUMNS FROM `sw_goods` [ RunTime:0.0033s ]
SQL: SHOW COLUMNS FROM `sw_category` [ RunTime:0.0028s ]
SQL: SELECT * FROM `sw_goods` WHERE ( is_hot=1 )  [ RunTime:0.0003s ]
NOTIC: [8] Undefined variable: cate_info E:\www\PHP1\ljl\2015-05-28\shop\Tool\HbaseController.class.php 第 14 行.
SQL: SHOW COLUMNS FROM `sw_category` [ RunTime:0.0036s ]
SQL: SELECT * FROM `sw_category`  [ RunTime:0.0004s ]
SQL: SHOW COLUMNS FROM `sw_cart` [ RunTime:0.0029s ]
INFO: [ app_end ] --START--
INFO: Run Behavior\ShowPageTraceBehavior [ RunTime:0.000597s ]
INFO: [ app_end ] --END-- [ RunTime:0.000651s ]

[ 2015-06-29T10:09:11+08:00 ] 127.0.0.1 /index.php/Home/Buy/changeGoodsNumber/?%22good_id/%22+$(this).attr(%22gdid%22)+%22/changTo/%22+changto
INFO: [ app_begin ] --START--
INFO: Run Behavior\ReadHtmlCacheBehavior [ RunTime:0.000537s ]
INFO: [ app_begin ] --END-- [ RunTime:0.000875s ]
SQL: SHOW COLUMNS FROM `sw_goods` [ RunTime:0.0034s ]
SQL: SHOW COLUMNS FROM `sw_category` [ RunTime:0.0028s ]
SQL: SELECT * FROM `sw_goods` WHERE ( is_hot=1 )  [ RunTime:0.0004s ]
NOTIC: [8] Undefined variable: cate_info E:\www\PHP1\ljl\2015-05-28\shop\Tool\HbaseController.class.php 第 14 行.
SQL: SHOW COLUMNS FROM `sw_category` [ RunTime:0.0027s ]
SQL: SELECT * FROM `sw_category`  [ RunTime:0.0003s ]
SQL: SHOW COLUMNS FROM `sw_cart` [ RunTime:0.0027s ]
INFO: [ app_end ] --START--
INFO: Run Behavior\ShowPageTraceBehavior [ RunTime:0.000540s ]
INFO: [ app_end ] --END-- [ RunTime:0.000592s ]

[ 2015-06-29T10:09:33+08:00 ] 127.0.0.1 /index.php/Home/Buy/changeGoodsNumber/?%22good_id/%22+$(this).attr(%22gdid%22)+%22/changTo/%22+changto
INFO: [ app_begin ] --START--
INFO: Run Behavior\ReadHtmlCacheBehavior [ RunTime:0.000536s ]
INFO: [ app_begin ] --END-- [ RunTime:0.000867s ]
SQL: SHOW COLUMNS FROM `sw_goods` [ RunTime:0.0031s ]
SQL: SHOW COLUMNS FROM `sw_category` [ RunTime:0.0027s ]
SQL: SELECT * FROM `sw_goods` WHERE ( is_hot=1 )  [ RunTime:0.0004s ]
NOTIC: [8] Undefined variable: cate_info E:\www\PHP1\ljl\2015-05-28\shop\Tool\HbaseController.class.php 第 14 行.
SQL: SHOW COLUMNS FROM `sw_category` [ RunTime:0.0027s ]
SQL: SELECT * FROM `sw_category`  [ RunTime:0.0003s ]
SQL: SHOW COLUMNS FROM `sw_cart` [ RunTime:0.0027s ]
SQL: SHOW COLUMNS FROM `sw_cart` [ RunTime:0.0026s ]
ERR: SQLSTATE[42000]: Syntax error or access violation: 1064 You have an error in your SQL syntax; check the manual that corresponds to your MySQL server version for the right syntax to use near '' at line 1

[ 2015-06-29T10:09:34+08:00 ] 127.0.0.1 /index.php/Home/Buy/changeGoodsNumber/?%22good_id/%22+$(this).attr(%22gdid%22)+%22/changTo/%22+changto
INFO: [ app_begin ] --START--
INFO: Run Behavior\ReadHtmlCacheBehavior [ RunTime:0.000596s ]
INFO: [ app_begin ] --END-- [ RunTime:0.000936s ]
SQL: SHOW COLUMNS FROM `sw_goods` [ RunTime:0.0030s ]
SQL: SHOW COLUMNS FROM `sw_category` [ RunTime:0.0027s ]
SQL: SELECT * FROM `sw_goods` WHERE ( is_hot=1 )  [ RunTime:0.0004s ]
NOTIC: [8] Undefined variable: cate_info E:\www\PHP1\ljl\2015-05-28\shop\Tool\HbaseController.class.php 第 14 行.
SQL: SHOW COLUMNS FROM `sw_category` [ RunTime:0.0027s ]
SQL: SELECT * FROM `sw_category`  [ RunTime:0.0003s ]
SQL: SHOW COLUMNS FROM `sw_cart` [ RunTime:0.0027s ]
SQL: SHOW COLUMNS FROM `sw_cart` [ RunTime:0.0026s ]
ERR: SQLSTATE[42000]: Syntax error or access violation: 1064 You have an error in your SQL syntax; check the manual that corresponds to your MySQL server version for the right syntax to use near '' at line 1

[ 2015-06-29T10:09:36+08:00 ] 127.0.0.1 /index.php/Home/Buy/changeGoodsNumber/?%22good_id/%22+$(this).attr(%22gdid%22)+%22/changTo/%22+changto
INFO: [ app_begin ] --START--
INFO: Run Behavior\ReadHtmlCacheBehavior [ RunTime:0.000569s ]
INFO: [ app_begin ] --END-- [ RunTime:0.000926s ]
SQL: SHOW COLUMNS FROM `sw_goods` [ RunTime:0.0034s ]
SQL: SHOW COLUMNS FROM `sw_category` [ RunTime:0.0028s ]
SQL: SELECT * FROM `sw_goods` WHERE ( is_hot=1 )  [ RunTime:0.0004s ]
NOTIC: [8] Undefined variable: cate_info E:\www\PHP1\ljl\2015-05-28\shop\Tool\HbaseController.class.php 第 14 行.
SQL: SHOW COLUMNS FROM `sw_category` [ RunTime:0.0028s ]
SQL: SELECT * FROM `sw_category`  [ RunTime:0.0003s ]
SQL: SHOW COLUMNS FROM `sw_cart` [ RunTime:0.0029s ]
SQL: SHOW COLUMNS FROM `sw_cart` [ RunTime:0.0027s ]
ERR: SQLSTATE[42000]: Syntax error or access violation: 1064 You have an error in your SQL syntax; check the manual that corresponds to your MySQL server version for the right syntax to use near '' at line 1

[ 2015-06-29T10:09:37+08:00 ] 127.0.0.1 /index.php/Home/Buy/changeGoodsNumber/?%22good_id/%22+$(this).attr(%22gdid%22)+%22/changTo/%22+changto
INFO: [ app_begin ] --START--
INFO: Run Behavior\ReadHtmlCacheBehavior [ RunTime:0.000538s ]
INFO: [ app_begin ] --END-- [ RunTime:0.000905s ]
SQL: SHOW COLUMNS FROM `sw_goods` [ RunTime:0.0035s ]
SQL: SHOW COLUMNS FROM `sw_category` [ RunTime:0.0029s ]
SQL: SELECT * FROM `sw_goods` WHERE ( is_hot=1 )  [ RunTime:0.0004s ]
NOTIC: [8] Undefined variable: cate_info E:\www\PHP1\ljl\2015-05-28\shop\Tool\HbaseController.class.php 第 14 行.
SQL: SHOW COLUMNS FROM `sw_category` [ RunTime:0.0027s ]
SQL: SELECT * FROM `sw_category`  [ RunTime:0.0003s ]
SQL: SHOW COLUMNS FROM `sw_cart` [ RunTime:0.0028s ]
SQL: SHOW COLUMNS FROM `sw_cart` [ RunTime:0.0027s ]
ERR: SQLSTATE[42000]: Syntax error or access violation: 1064 You have an error in your SQL syntax; check the manual that corresponds to your MySQL server version for the right syntax to use near '' at line 1

[ 2015-06-29T10:09:38+08:00 ] 127.0.0.1 /index.php/Home/Buy/changeGoodsNumber/?%22good_id/%22+$(this).attr(%22gdid%22)+%22/changTo/%22+changto
INFO: [ app_begin ] --START--
INFO: Run Behavior\ReadHtmlCacheBehavior [ RunTime:0.000635s ]
INFO: [ app_begin ] --END-- [ RunTime:0.000971s ]
SQL: SHOW COLUMNS FROM `sw_goods` [ RunTime:0.0034s ]
SQL: SHOW COLUMNS FROM `sw_category` [ RunTime:0.0028s ]
SQL: SELECT * FROM `sw_goods` WHERE ( is_hot=1 )  [ RunTime:0.0004s ]
NOTIC: [8] Undefined variable: cate_info E:\www\PHP1\ljl\2015-05-28\shop\Tool\HbaseController.class.php 第 14 行.
SQL: SHOW COLUMNS FROM `sw_category` [ RunTime:0.0028s ]
SQL: SELECT * FROM `sw_category`  [ RunTime:0.0003s ]
SQL: SHOW COLUMNS FROM `sw_cart` [ RunTime:0.0029s ]
SQL: SHOW COLUMNS FROM `sw_cart` [ RunTime:0.0028s ]
ERR: SQLSTATE[42000]: Syntax error or access violation: 1064 You have an error in your SQL syntax; check the manual that corresponds to your MySQL server version for the right syntax to use near '' at line 1

[ 2015-06-29T10:09:42+08:00 ] 127.0.0.1 /index.php/Home/Buy/changeGoodsNumber/?%22good_id/%22+$(this).attr(%22gdid%22)+%22/changTo/%22+changto
INFO: [ app_begin ] --START--
INFO: Run Behavior\ReadHtmlCacheBehavior [ RunTime:0.000572s ]
INFO: [ app_begin ] --END-- [ RunTime:0.000921s ]
SQL: SHOW COLUMNS FROM `sw_goods` [ RunTime:0.0061s ]
SQL: SHOW COLUMNS FROM `sw_category` [ RunTime:0.0029s ]
SQL: SELECT * FROM `sw_goods` WHERE ( is_hot=1 )  [ RunTime:0.0004s ]
NOTIC: [8] Undefined variable: cate_info E:\www\PHP1\ljl\2015-05-28\shop\Tool\HbaseController.class.php 第 14 行.
SQL: SHOW COLUMNS FROM `sw_category` [ RunTime:0.0028s ]
SQL: SELECT * FROM `sw_category`  [ RunTime:0.0003s ]
SQL: SHOW COLUMNS FROM `sw_cart` [ RunTime:0.0028s ]
SQL: SHOW COLUMNS FROM `sw_cart` [ RunTime:0.0028s ]
ERR: SQLSTATE[42000]: Syntax error or access violation: 1064 You have an error in your SQL syntax; check the manual that corresponds to your MySQL server version for the right syntax to use near '' at line 1

[ 2015-06-29T10:09:42+08:00 ] 127.0.0.1 /index.php/Home/Buy/changeGoodsNumber/?%22good_id/%22+$(this).attr(%22gdid%22)+%22/changTo/%22+changto
INFO: [ app_begin ] --START--
INFO: Run Behavior\ReadHtmlCacheBehavior [ RunTime:0.000567s ]
INFO: [ app_begin ] --END-- [ RunTime:0.000901s ]
SQL: SHOW COLUMNS FROM `sw_goods` [ RunTime:0.0033s ]
SQL: SHOW COLUMNS FROM `sw_category` [ RunTime:0.0030s ]
SQL: SELECT * FROM `sw_goods` WHERE ( is_hot=1 )  [ RunTime:0.0004s ]
NOTIC: [8] Undefined variable: cate_info E:\www\PHP1\ljl\2015-05-28\shop\Tool\HbaseController.class.php 第 14 行.
SQL: SHOW COLUMNS FROM `sw_category` [ RunTime:0.0027s ]
SQL: SELECT * FROM `sw_category`  [ RunTime:0.0003s ]
SQL: SHOW COLUMNS FROM `sw_cart` [ RunTime:0.0027s ]
SQL: SHOW COLUMNS FROM `sw_cart` [ RunTime:0.0027s ]
ERR: SQLSTATE[42000]: Syntax error or access violation: 1064 You have an error in your SQL syntax; check the manual that corresponds to your MySQL server version for the right syntax to use near '' at line 1

[ 2015-06-29T10:09:43+08:00 ] 127.0.0.1 /index.php/Home/Buy/changeGoodsNumber/?%22good_id/%22+$(this).attr(%22gdid%22)+%22/changTo/%22+changto
INFO: [ app_begin ] --START--
INFO: Run Behavior\ReadHtmlCacheBehavior [ RunTime:0.000571s ]
INFO: [ app_begin ] --END-- [ RunTime:0.000930s ]
SQL: SHOW COLUMNS FROM `sw_goods` [ RunTime:0.0032s ]
SQL: SHOW COLUMNS FROM `sw_category` [ RunTime:0.0028s ]
SQL: SELECT * FROM `sw_goods` WHERE ( is_hot=1 )  [ RunTime:0.0004s ]
NOTIC: [8] Undefined variable: cate_info E:\www\PHP1\ljl\2015-05-28\shop\Tool\HbaseController.class.php 第 14 行.
SQL: SHOW COLUMNS FROM `sw_category` [ RunTime:0.0027s ]
SQL: SELECT * FROM `sw_category`  [ RunTime:0.0003s ]
SQL: SHOW COLUMNS FROM `sw_cart` [ RunTime:0.0027s ]
SQL: SHOW COLUMNS FROM `sw_cart` [ RunTime:0.0027s ]
ERR: SQLSTATE[42000]: Syntax error or access violation: 1064 You have an error in your SQL syntax; check the manual that corresponds to your MySQL server version for the right syntax to use near '' at line 1

[ 2015-06-29T10:09:51+08:00 ] 127.0.0.1 /index.php/Home/Buy/changeGoodsNumber/?%22good_id/%22+$(this).attr(%22gdid%22)+%22/changTo/%22+changto
INFO: [ app_begin ] --START--
INFO: Run Behavior\ReadHtmlCacheBehavior [ RunTime:0.000540s ]
INFO: [ app_begin ] --END-- [ RunTime:0.000878s ]
SQL: SHOW COLUMNS FROM `sw_goods` [ RunTime:0.0031s ]
SQL: SHOW COLUMNS FROM `sw_category` [ RunTime:0.0029s ]
SQL: SELECT * FROM `sw_goods` WHERE ( is_hot=1 )  [ RunTime:0.0004s ]
NOTIC: [8] Undefined variable: cate_info E:\www\PHP1\ljl\2015-05-28\shop\Tool\HbaseController.class.php 第 14 行.
SQL: SHOW COLUMNS FROM `sw_category` [ RunTime:0.0028s ]
SQL: SELECT * FROM `sw_category`  [ RunTime:0.0003s ]
SQL: SHOW COLUMNS FROM `sw_cart` [ RunTime:0.0028s ]
SQL: SHOW COLUMNS FROM `sw_cart` [ RunTime:0.0027s ]
ERR: SQLSTATE[42000]: Syntax error or access violation: 1064 You have an error in your SQL syntax; check the manual that corresponds to your MySQL server version for the right syntax to use near '' at line 1

[ 2015-06-29T10:09:54+08:00 ] 127.0.0.1 /index.php/Home/Buy/changeGoodsNumber/?%22good_id/%22+$(this).attr(%22gdid%22)+%22/changTo/%22+changto
INFO: [ app_begin ] --START--
INFO: Run Behavior\ReadHtmlCacheBehavior [ RunTime:0.000583s ]
INFO: [ app_begin ] --END-- [ RunTime:0.000909s ]
SQL: SHOW COLUMNS FROM `sw_goods` [ RunTime:0.0032s ]
SQL: SHOW COLUMNS FROM `sw_category` [ RunTime:0.0028s ]
SQL: SELECT * FROM `sw_goods` WHERE ( is_hot=1 )  [ RunTime:0.0004s ]
NOTIC: [8] Undefined variable: cate_info E:\www\PHP1\ljl\2015-05-28\shop\Tool\HbaseController.class.php 第 14 行.
SQL: SHOW COLUMNS FROM `sw_category` [ RunTime:0.0027s ]
SQL: SELECT * FROM `sw_category`  [ RunTime:0.0003s ]
SQL: SHOW COLUMNS FROM `sw_cart` [ RunTime:0.0027s ]
SQL: SHOW COLUMNS FROM `sw_cart` [ RunTime:0.0026s ]
ERR: SQLSTATE[42000]: Syntax error or access violation: 1064 You have an error in your SQL syntax; check the manual that corresponds to your MySQL server version for the right syntax to use near '' at line 1

[ 2015-06-29T10:09:55+08:00 ] 127.0.0.1 /index.php/Home/Buy/changeGoodsNumber/?%22good_id/%22+$(this).attr(%22gdid%22)+%22/changTo/%22+changto
INFO: [ app_begin ] --START--
INFO: Run Behavior\ReadHtmlCacheBehavior [ RunTime:0.000545s ]
INFO: [ app_begin ] --END-- [ RunTime:0.000913s ]
SQL: SHOW COLUMNS FROM `sw_goods` [ RunTime:0.0034s ]
SQL: SHOW COLUMNS FROM `sw_category` [ RunTime:0.0028s ]
SQL: SELECT * FROM `sw_goods` WHERE ( is_hot=1 )  [ RunTime:0.0004s ]
NOTIC: [8] Undefined variable: cate_info E:\www\PHP1\ljl\2015-05-28\shop\Tool\HbaseController.class.php 第 14 行.
SQL: SHOW COLUMNS FROM `sw_category` [ RunTime:0.0030s ]
SQL: SELECT * FROM `sw_category`  [ RunTime:0.0003s ]
SQL: SHOW COLUMNS FROM `sw_cart` [ RunTime:0.0028s ]
SQL: SHOW COLUMNS FROM `sw_cart` [ RunTime:0.0029s ]
ERR: SQLSTATE[42000]: Syntax error or access violation: 1064 You have an error in your SQL syntax; check the manual that corresponds to your MySQL server version for the right syntax to use near '' at line 1

[ 2015-06-29T10:09:57+08:00 ] 127.0.0.1 /index.php/Home/Buy/changeGoodsNumber/?%22good_id/%22+$(this).attr(%22gdid%22)+%22/changTo/%22+changto
INFO: [ app_begin ] --START--
INFO: Run Behavior\ReadHtmlCacheBehavior [ RunTime:0.000567s ]
INFO: [ app_begin ] --END-- [ RunTime:0.000929s ]
SQL: SHOW COLUMNS FROM `sw_goods` [ RunTime:0.0031s ]
SQL: SHOW COLUMNS FROM `sw_category` [ RunTime:0.0027s ]
SQL: SELECT * FROM `sw_goods` WHERE ( is_hot=1 )  [ RunTime:0.0004s ]
NOTIC: [8] Undefined variable: cate_info E:\www\PHP1\ljl\2015-05-28\shop\Tool\HbaseController.class.php 第 14 行.
SQL: SHOW COLUMNS FROM `sw_category` [ RunTime:0.0027s ]
SQL: SELECT * FROM `sw_category`  [ RunTime:0.0003s ]
SQL: SHOW COLUMNS FROM `sw_cart` [ RunTime:0.0027s ]
SQL: SHOW COLUMNS FROM `sw_cart` [ RunTime:0.0030s ]
ERR: SQLSTATE[42000]: Syntax error or access violation: 1064 You have an error in your SQL syntax; check the manual that corresponds to your MySQL server version for the right syntax to use near '' at line 1

[ 2015-06-29T10:10:30+08:00 ] 127.0.0.1 /index.php/Home/Buy/changeGoodsNumber/?%22good_id/%22+$(this).attr(%22gdid%22)+%22/changTo/%22+changto
INFO: [ app_begin ] --START--
INFO: Run Behavior\ReadHtmlCacheBehavior [ RunTime:0.000534s ]
INFO: [ app_begin ] --END-- [ RunTime:0.000859s ]
SQL: SHOW COLUMNS FROM `sw_goods` [ RunTime:0.0030s ]
SQL: SHOW COLUMNS FROM `sw_category` [ RunTime:0.0027s ]
SQL: SELECT * FROM `sw_goods` WHERE ( is_hot=1 )  [ RunTime:0.0004s ]
NOTIC: [8] Undefined variable: cate_info E:\www\PHP1\ljl\2015-05-28\shop\Tool\HbaseController.class.php 第 14 行.
SQL: SHOW COLUMNS FROM `sw_category` [ RunTime:0.0027s ]
SQL: SELECT * FROM `sw_category`  [ RunTime:0.0003s ]
SQL: SHOW COLUMNS FROM `sw_cart` [ RunTime:0.0027s ]
SQL: SHOW COLUMNS FROM `sw_cart` [ RunTime:0.0027s ]
ERR: SQLSTATE[42000]: Syntax error or access violation: 1064 You have an error in your SQL syntax; check the manual that corresponds to your MySQL server version for the right syntax to use near '' at line 1

[ 2015-06-29T10:13:53+08:00 ] 127.0.0.1 /index.php/Home/Buy/changeGoodsNumber/good_id/undefined/changTo/2
INFO: [ app_begin ] --START--
INFO: Run Behavior\ReadHtmlCacheBehavior [ RunTime:0.000610s ]
INFO: [ app_begin ] --END-- [ RunTime:0.000991s ]
SQL: SHOW COLUMNS FROM `sw_goods` [ RunTime:0.0031s ]
SQL: SHOW COLUMNS FROM `sw_category` [ RunTime:0.0029s ]
SQL: SELECT * FROM `sw_goods` WHERE ( is_hot=1 )  [ RunTime:0.0004s ]
NOTIC: [8] Undefined variable: cate_info E:\www\PHP1\ljl\2015-05-28\shop\Tool\HbaseController.class.php 第 14 行.
SQL: SHOW COLUMNS FROM `sw_category` [ RunTime:0.0038s ]
SQL: SELECT * FROM `sw_category`  [ RunTime:0.0003s ]
SQL: SHOW COLUMNS FROM `sw_cart` [ RunTime:0.0040s ]
SQL: SHOW COLUMNS FROM `sw_goods` [ RunTime:0.0032s ]
SQL: SELECT `goods_number` FROM `sw_goods` WHERE ( goods_id="$goods_id" ) LIMIT 1   [ RunTime:0.0002s ]
SQL: SHOW COLUMNS FROM `sw_cart` [ RunTime:0.0027s ]
ERR: SQLSTATE[42000]: Syntax error or access violation: 1064 You have an error in your SQL syntax; check the manual that corresponds to your MySQL server version for the right syntax to use near '' at line 1

[ 2015-06-29T10:13:54+08:00 ] 127.0.0.1 /index.php/Home/Buy/changeGoodsNumber/good_id/undefined/changTo/2
INFO: [ app_begin ] --START--
INFO: Run Behavior\ReadHtmlCacheBehavior [ RunTime:0.000569s ]
INFO: [ app_begin ] --END-- [ RunTime:0.000899s ]
SQL: SHOW COLUMNS FROM `sw_goods` [ RunTime:0.0031s ]
SQL: SHOW COLUMNS FROM `sw_category` [ RunTime:0.0027s ]
SQL: SELECT * FROM `sw_goods` WHERE ( is_hot=1 )  [ RunTime:0.0004s ]
NOTIC: [8] Undefined variable: cate_info E:\www\PHP1\ljl\2015-05-28\shop\Tool\HbaseController.class.php 第 14 行.
SQL: SHOW COLUMNS FROM `sw_category` [ RunTime:0.0027s ]
SQL: SELECT * FROM `sw_category`  [ RunTime:0.0003s ]
SQL: SHOW COLUMNS FROM `sw_cart` [ RunTime:0.0027s ]
SQL: SHOW COLUMNS FROM `sw_goods` [ RunTime:0.0029s ]
SQL: SELECT `goods_number` FROM `sw_goods` WHERE ( goods_id="$goods_id" ) LIMIT 1   [ RunTime:0.0002s ]
SQL: SHOW COLUMNS FROM `sw_cart` [ RunTime:0.0026s ]
ERR: SQLSTATE[42000]: Syntax error or access violation: 1064 You have an error in your SQL syntax; check the manual that corresponds to your MySQL server version for the right syntax to use near '' at line 1

[ 2015-06-29T10:13:54+08:00 ] 127.0.0.1 /index.php/Home/Buy/changeGoodsNumber/good_id/undefined/changTo/2
INFO: [ app_begin ] --START--
INFO: Run Behavior\ReadHtmlCacheBehavior [ RunTime:0.000624s ]
INFO: [ app_begin ] --END-- [ RunTime:0.001048s ]
SQL: SHOW COLUMNS FROM `sw_goods` [ RunTime:0.0034s ]
SQL: SHOW COLUMNS FROM `sw_category` [ RunTime:0.0029s ]
SQL: SELECT * FROM `sw_goods` WHERE ( is_hot=1 )  [ RunTime:0.0004s ]
NOTIC: [8] Undefined variable: cate_info E:\www\PHP1\ljl\2015-05-28\shop\Tool\HbaseController.class.php 第 14 行.
SQL: SHOW COLUMNS FROM `sw_category` [ RunTime:0.0030s ]
SQL: SELECT * FROM `sw_category`  [ RunTime:0.0003s ]
SQL: SHOW COLUMNS FROM `sw_cart` [ RunTime:0.0030s ]
SQL: SHOW COLUMNS FROM `sw_goods` [ RunTime:0.0030s ]
SQL: SELECT `goods_number` FROM `sw_goods` WHERE ( goods_id="$goods_id" ) LIMIT 1   [ RunTime:0.0002s ]
SQL: SHOW COLUMNS FROM `sw_cart` [ RunTime:0.0031s ]
ERR: SQLSTATE[42000]: Syntax error or access violation: 1064 You have an error in your SQL syntax; check the manual that corresponds to your MySQL server version for the right syntax to use near '' at line 1

[ 2015-06-29T10:13:55+08:00 ] 127.0.0.1 /index.php/Home/Buy/changeGoodsNumber/good_id/undefined/changTo/2
INFO: [ app_begin ] --START--
INFO: Run Behavior\ReadHtmlCacheBehavior [ RunTime:0.000594s ]
INFO: [ app_begin ] --END-- [ RunTime:0.000995s ]
SQL: SHOW COLUMNS FROM `sw_goods` [ RunTime:0.0032s ]
SQL: SHOW COLUMNS FROM `sw_category` [ RunTime:0.0027s ]
SQL: SELECT * FROM `sw_goods` WHERE ( is_hot=1 )  [ RunTime:0.0004s ]
NOTIC: [8] Undefined variable: cate_info E:\www\PHP1\ljl\2015-05-28\shop\Tool\HbaseController.class.php 第 14 行.
SQL: SHOW COLUMNS FROM `sw_category` [ RunTime:0.0027s ]
SQL: SELECT * FROM `sw_category`  [ RunTime:0.0003s ]
SQL: SHOW COLUMNS FROM `sw_cart` [ RunTime:0.0027s ]
SQL: SHOW COLUMNS FROM `sw_goods` [ RunTime:0.0029s ]
SQL: SELECT `goods_number` FROM `sw_goods` WHERE ( goods_id="$goods_id" ) LIMIT 1   [ RunTime:0.0002s ]
SQL: SHOW COLUMNS FROM `sw_cart` [ RunTime:0.0251s ]
ERR: SQLSTATE[42000]: Syntax error or access violation: 1064 You have an error in your SQL syntax; check the manual that corresponds to your MySQL server version for the right syntax to use near '' at line 1

[ 2015-06-29T10:13:59+08:00 ] 127.0.0.1 /index.php/Home/Buy/changeGoodsNumber/good_id/undefined/changTo/2
INFO: [ app_begin ] --START--
INFO: Run Behavior\ReadHtmlCacheBehavior [ RunTime:0.000520s ]
INFO: [ app_begin ] --END-- [ RunTime:0.000901s ]
SQL: SHOW COLUMNS FROM `sw_goods` [ RunTime:0.0033s ]
SQL: SHOW COLUMNS FROM `sw_category` [ RunTime:0.0028s ]
SQL: SELECT * FROM `sw_goods` WHERE ( is_hot=1 )  [ RunTime:0.0004s ]
NOTIC: [8] Undefined variable: cate_info E:\www\PHP1\ljl\2015-05-28\shop\Tool\HbaseController.class.php 第 14 行.
SQL: SHOW COLUMNS FROM `sw_category` [ RunTime:0.0030s ]
SQL: SELECT * FROM `sw_category`  [ RunTime:0.0003s ]
SQL: SHOW COLUMNS FROM `sw_cart` [ RunTime:0.0029s ]
SQL: SHOW COLUMNS FROM `sw_goods` [ RunTime:0.0030s ]
SQL: SELECT `goods_number` FROM `sw_goods` WHERE ( goods_id="$goods_id" ) LIMIT 1   [ RunTime:0.0003s ]
SQL: SHOW COLUMNS FROM `sw_cart` [ RunTime:0.0028s ]
ERR: SQLSTATE[42000]: Syntax error or access violation: 1064 You have an error in your SQL syntax; check the manual that corresponds to your MySQL server version for the right syntax to use near '' at line 1

[ 2015-06-29T10:18:58+08:00 ] 127.0.0.1 /index.php/Home/Buy/changeGoodsNumber/good_id/37/changTo/2
INFO: [ app_begin ] --START--
INFO: Run Behavior\ReadHtmlCacheBehavior [ RunTime:0.000551s ]
INFO: [ app_begin ] --END-- [ RunTime:0.000904s ]
SQL: SHOW COLUMNS FROM `sw_goods` [ RunTime:0.0030s ]
SQL: SHOW COLUMNS FROM `sw_category` [ RunTime:0.0027s ]
SQL: SELECT * FROM `sw_goods` WHERE ( is_hot=1 )  [ RunTime:0.0004s ]
NOTIC: [8] Undefined variable: cate_info E:\www\PHP1\ljl\2015-05-28\shop\Tool\HbaseController.class.php 第 14 行.
SQL: SHOW COLUMNS FROM `sw_category` [ RunTime:0.0028s ]
SQL: SELECT * FROM `sw_category`  [ RunTime:0.0003s ]
SQL: SHOW COLUMNS FROM `sw_cart` [ RunTime:0.0028s ]
SQL: SHOW COLUMNS FROM `sw_goods` [ RunTime:0.0028s ]
SQL: SELECT `goods_number` FROM `sw_goods` WHERE ( goods_id="$goods_id" ) LIMIT 1   [ RunTime:0.0002s ]
SQL: SHOW COLUMNS FROM `sw_cart` [ RunTime:0.0026s ]
ERR: SQLSTATE[42000]: Syntax error or access violation: 1064 You have an error in your SQL syntax; check the manual that corresponds to your MySQL server version for the right syntax to use near '' at line 1

[ 2015-06-29T10:18:58+08:00 ] 127.0.0.1 /index.php/Home/Buy/changeGoodsNumber/good_id/37/changTo/2
INFO: [ app_begin ] --START--
INFO: Run Behavior\ReadHtmlCacheBehavior [ RunTime:0.000545s ]
INFO: [ app_begin ] --END-- [ RunTime:0.000882s ]
SQL: SHOW COLUMNS FROM `sw_goods` [ RunTime:0.0032s ]
SQL: SHOW COLUMNS FROM `sw_category` [ RunTime:0.0027s ]
SQL: SELECT * FROM `sw_goods` WHERE ( is_hot=1 )  [ RunTime:0.0004s ]
NOTIC: [8] Undefined variable: cate_info E:\www\PHP1\ljl\2015-05-28\shop\Tool\HbaseController.class.php 第 14 行.
SQL: SHOW COLUMNS FROM `sw_category` [ RunTime:0.0027s ]
SQL: SELECT * FROM `sw_category`  [ RunTime:0.0003s ]
SQL: SHOW COLUMNS FROM `sw_cart` [ RunTime:0.0028s ]
SQL: SHOW COLUMNS FROM `sw_goods` [ RunTime:0.0033s ]
SQL: SELECT `goods_number` FROM `sw_goods` WHERE ( goods_id="$goods_id" ) LIMIT 1   [ RunTime:0.0002s ]
SQL: SHOW COLUMNS FROM `sw_cart` [ RunTime:0.0028s ]
ERR: SQLSTATE[42000]: Syntax error or access violation: 1064 You have an error in your SQL syntax; check the manual that corresponds to your MySQL server version for the right syntax to use near '' at line 1

[ 2015-06-29T10:18:58+08:00 ] 127.0.0.1 /index.php/Home/Buy/changeGoodsNumber/good_id/37/changTo/2
INFO: [ app_begin ] --START--
INFO: Run Behavior\ReadHtmlCacheBehavior [ RunTime:0.000528s ]
INFO: [ app_begin ] --END-- [ RunTime:0.000849s ]
SQL: SHOW COLUMNS FROM `sw_goods` [ RunTime:0.0033s ]
SQL: SHOW COLUMNS FROM `sw_category` [ RunTime:0.0030s ]
SQL: SELECT * FROM `sw_goods` WHERE ( is_hot=1 )  [ RunTime:0.0004s ]
NOTIC: [8] Undefined variable: cate_info E:\www\PHP1\ljl\2015-05-28\shop\Tool\HbaseController.class.php 第 14 行.
SQL: SHOW COLUMNS FROM `sw_category` [ RunTime:0.0030s ]
SQL: SELECT * FROM `sw_category`  [ RunTime:0.0003s ]
SQL: SHOW COLUMNS FROM `sw_cart` [ RunTime:0.0029s ]
SQL: SHOW COLUMNS FROM `sw_goods` [ RunTime:0.0031s ]
SQL: SELECT `goods_number` FROM `sw_goods` WHERE ( goods_id="$goods_id" ) LIMIT 1   [ RunTime:0.0002s ]
SQL: SHOW COLUMNS FROM `sw_cart` [ RunTime:0.0028s ]
ERR: SQLSTATE[42000]: Syntax error or access violation: 1064 You have an error in your SQL syntax; check the manual that corresponds to your MySQL server version for the right syntax to use near '' at line 1

[ 2015-06-29T10:18:59+08:00 ] 127.0.0.1 /index.php/Home/Buy/changeGoodsNumber/good_id/12/changTo/2
INFO: [ app_begin ] --START--
INFO: Run Behavior\ReadHtmlCacheBehavior [ RunTime:0.000534s ]
INFO: [ app_begin ] --END-- [ RunTime:0.000876s ]
SQL: SHOW COLUMNS FROM `sw_goods` [ RunTime:0.0030s ]
SQL: SHOW COLUMNS FROM `sw_category` [ RunTime:0.0027s ]
SQL: SELECT * FROM `sw_goods` WHERE ( is_hot=1 )  [ RunTime:0.0003s ]
NOTIC: [8] Undefined variable: cate_info E:\www\PHP1\ljl\2015-05-28\shop\Tool\HbaseController.class.php 第 14 行.
SQL: SHOW COLUMNS FROM `sw_category` [ RunTime:0.0028s ]
SQL: SELECT * FROM `sw_category`  [ RunTime:0.0003s ]
SQL: SHOW COLUMNS FROM `sw_cart` [ RunTime:0.0027s ]
SQL: SHOW COLUMNS FROM `sw_goods` [ RunTime:0.0029s ]
SQL: SELECT `goods_number` FROM `sw_goods` WHERE ( goods_id="$goods_id" ) LIMIT 1   [ RunTime:0.0002s ]
SQL: SHOW COLUMNS FROM `sw_cart` [ RunTime:0.0027s ]
ERR: SQLSTATE[42000]: Syntax error or access violation: 1064 You have an error in your SQL syntax; check the manual that corresponds to your MySQL server version for the right syntax to use near '' at line 1

[ 2015-06-29T10:19:00+08:00 ] 127.0.0.1 /index.php/Home/Buy/changeGoodsNumber/good_id/11/changTo/2
INFO: [ app_begin ] --START--
INFO: Run Behavior\ReadHtmlCacheBehavior [ RunTime:0.000542s ]
INFO: [ app_begin ] --END-- [ RunTime:0.000879s ]
SQL: SHOW COLUMNS FROM `sw_goods` [ RunTime:0.0033s ]
SQL: SHOW COLUMNS FROM `sw_category` [ RunTime:0.0029s ]
SQL: SELECT * FROM `sw_goods` WHERE ( is_hot=1 )  [ RunTime:0.0004s ]
NOTIC: [8] Undefined variable: cate_info E:\www\PHP1\ljl\2015-05-28\shop\Tool\HbaseController.class.php 第 14 行.
SQL: SHOW COLUMNS FROM `sw_category` [ RunTime:0.0029s ]
SQL: SELECT * FROM `sw_category`  [ RunTime:0.0003s ]
SQL: SHOW COLUMNS FROM `sw_cart` [ RunTime:0.0027s ]
SQL: SHOW COLUMNS FROM `sw_goods` [ RunTime:0.0029s ]
SQL: SELECT `goods_number` FROM `sw_goods` WHERE ( goods_id="$goods_id" ) LIMIT 1   [ RunTime:0.0002s ]
SQL: SHOW COLUMNS FROM `sw_cart` [ RunTime:0.0030s ]
ERR: SQLSTATE[42000]: Syntax error or access violation: 1064 You have an error in your SQL syntax; check the manual that corresponds to your MySQL server version for the right syntax to use near '' at line 1

[ 2015-06-29T10:19:00+08:00 ] 127.0.0.1 /index.php/Home/Buy/changeGoodsNumber/good_id/11/changTo/2
INFO: [ app_begin ] --START--
INFO: Run Behavior\ReadHtmlCacheBehavior [ RunTime:0.000592s ]
INFO: [ app_begin ] --END-- [ RunTime:0.000965s ]
SQL: SHOW COLUMNS FROM `sw_goods` [ RunTime:0.0031s ]
SQL: SHOW COLUMNS FROM `sw_category` [ RunTime:0.0027s ]
SQL: SELECT * FROM `sw_goods` WHERE ( is_hot=1 )  [ RunTime:0.0004s ]
NOTIC: [8] Undefined variable: cate_info E:\www\PHP1\ljl\2015-05-28\shop\Tool\HbaseController.class.php 第 14 行.
SQL: SHOW COLUMNS FROM `sw_category` [ RunTime:0.0031s ]
SQL: SELECT * FROM `sw_category`  [ RunTime:0.0003s ]
SQL: SHOW COLUMNS FROM `sw_cart` [ RunTime:0.0028s ]
SQL: SHOW COLUMNS FROM `sw_goods` [ RunTime:0.0029s ]
SQL: SELECT `goods_number` FROM `sw_goods` WHERE ( goods_id="$goods_id" ) LIMIT 1   [ RunTime:0.0002s ]
SQL: SHOW COLUMNS FROM `sw_cart` [ RunTime:0.0026s ]
ERR: SQLSTATE[42000]: Syntax error or access violation: 1064 You have an error in your SQL syntax; check the manual that corresponds to your MySQL server version for the right syntax to use near '' at line 1

[ 2015-06-29T10:19:00+08:00 ] 127.0.0.1 /index.php/Home/Buy/changeGoodsNumber/good_id/11/changTo/2
INFO: [ app_begin ] --START--
INFO: Run Behavior\ReadHtmlCacheBehavior [ RunTime:0.000632s ]
INFO: [ app_begin ] --END-- [ RunTime:0.000972s ]
SQL: SHOW COLUMNS FROM `sw_goods` [ RunTime:0.0034s ]
SQL: SHOW COLUMNS FROM `sw_category` [ RunTime:0.0030s ]
SQL: SELECT * FROM `sw_goods` WHERE ( is_hot=1 )  [ RunTime:0.0004s ]
NOTIC: [8] Undefined variable: cate_info E:\www\PHP1\ljl\2015-05-28\shop\Tool\HbaseController.class.php 第 14 行.
SQL: SHOW COLUMNS FROM `sw_category` [ RunTime:0.0028s ]
SQL: SELECT * FROM `sw_category`  [ RunTime:0.0003s ]
SQL: SHOW COLUMNS FROM `sw_cart` [ RunTime:0.0027s ]
SQL: SHOW COLUMNS FROM `sw_goods` [ RunTime:0.0030s ]
SQL: SELECT `goods_number` FROM `sw_goods` WHERE ( goods_id="$goods_id" ) LIMIT 1   [ RunTime:0.0002s ]
SQL: SHOW COLUMNS FROM `sw_cart` [ RunTime:0.0027s ]
ERR: SQLSTATE[42000]: Syntax error or access violation: 1064 You have an error in your SQL syntax; check the manual that corresponds to your MySQL server version for the right syntax to use near '' at line 1

[ 2015-06-29T10:19:00+08:00 ] 127.0.0.1 /index.php/Home/Buy/changeGoodsNumber/good_id/11/changTo/2
INFO: [ app_begin ] --START--
INFO: Run Behavior\ReadHtmlCacheBehavior [ RunTime:0.000542s ]
INFO: [ app_begin ] --END-- [ RunTime:0.000884s ]
SQL: SHOW COLUMNS FROM `sw_goods` [ RunTime:0.0033s ]
SQL: SHOW COLUMNS FROM `sw_category` [ RunTime:0.0031s ]
SQL: SELECT * FROM `sw_goods` WHERE ( is_hot=1 )  [ RunTime:0.0004s ]
NOTIC: [8] Undefined variable: cate_info E:\www\PHP1\ljl\2015-05-28\shop\Tool\HbaseController.class.php 第 14 行.
SQL: SHOW COLUMNS FROM `sw_category` [ RunTime:0.0030s ]
SQL: SELECT * FROM `sw_category`  [ RunTime:0.0003s ]
SQL: SHOW COLUMNS FROM `sw_cart` [ RunTime:0.0031s ]
SQL: SHOW COLUMNS FROM `sw_goods` [ RunTime:0.0032s ]
SQL: SELECT `goods_number` FROM `sw_goods` WHERE ( goods_id="$goods_id" ) LIMIT 1   [ RunTime:0.0003s ]
SQL: SHOW COLUMNS FROM `sw_cart` [ RunTime:0.0030s ]
ERR: SQLSTATE[42000]: Syntax error or access violation: 1064 You have an error in your SQL syntax; check the manual that corresponds to your MySQL server version for the right syntax to use near '' at line 1

[ 2015-06-29T10:19:01+08:00 ] 127.0.0.1 /index.php/Home/Buy/changeGoodsNumber/good_id/11/changTo/2
INFO: [ app_begin ] --START--
INFO: Run Behavior\ReadHtmlCacheBehavior [ RunTime:0.000533s ]
INFO: [ app_begin ] --END-- [ RunTime:0.000867s ]
SQL: SHOW COLUMNS FROM `sw_goods` [ RunTime:0.0033s ]
SQL: SHOW COLUMNS FROM `sw_category` [ RunTime:0.0028s ]
SQL: SELECT * FROM `sw_goods` WHERE ( is_hot=1 )  [ RunTime:0.0004s ]
NOTIC: [8] Undefined variable: cate_info E:\www\PHP1\ljl\2015-05-28\shop\Tool\HbaseController.class.php 第 14 行.
SQL: SHOW COLUMNS FROM `sw_category` [ RunTime:0.0028s ]
SQL: SELECT * FROM `sw_category`  [ RunTime:0.0003s ]
SQL: SHOW COLUMNS FROM `sw_cart` [ RunTime:0.0028s ]
SQL: SHOW COLUMNS FROM `sw_goods` [ RunTime:0.0030s ]
SQL: SELECT `goods_number` FROM `sw_goods` WHERE ( goods_id="$goods_id" ) LIMIT 1   [ RunTime:0.0002s ]
SQL: SHOW COLUMNS FROM `sw_cart` [ RunTime:0.0027s ]
ERR: SQLSTATE[42000]: Syntax error or access violation: 1064 You have an error in your SQL syntax; check the manual that corresponds to your MySQL server version for the right syntax to use near '' at line 1

[ 2015-06-29T10:20:09+08:00 ] 127.0.0.1 /index.php/Home/Buy/changeGoodsNumber/good_id/37/changTo/2
INFO: [ app_begin ] --START--
INFO: Run Behavior\ReadHtmlCacheBehavior [ RunTime:0.000479s ]
INFO: [ app_begin ] --END-- [ RunTime:0.000888s ]
SQL: SHOW COLUMNS FROM `sw_goods` [ RunTime:0.0040s ]
SQL: SHOW COLUMNS FROM `sw_category` [ RunTime:0.0036s ]
SQL: SELECT * FROM `sw_goods` WHERE ( is_hot=1 )  [ RunTime:0.0004s ]
NOTIC: [8] Undefined variable: cate_info E:\www\PHP1\ljl\2015-05-28\shop\Tool\HbaseController.class.php 第 14 行.
SQL: SHOW COLUMNS FROM `sw_category` [ RunTime:0.0037s ]
SQL: SELECT * FROM `sw_category`  [ RunTime:0.0003s ]
SQL: SHOW COLUMNS FROM `sw_cart` [ RunTime:0.0038s ]
SQL: SHOW COLUMNS FROM `sw_goods` [ RunTime:0.0033s ]
SQL: SELECT `goods_number` FROM `sw_goods` WHERE ( goods_id="$goods_id" ) LIMIT 1   [ RunTime:0.0002s ]
SQL: SHOW COLUMNS FROM `sw_cart` [ RunTime:0.0029s ]
ERR: SQLSTATE[42000]: Syntax error or access violation: 1064 You have an error in your SQL syntax; check the manual that corresponds to your MySQL server version for the right syntax to use near '' at line 1

[ 2015-06-29T10:20:10+08:00 ] 127.0.0.1 /index.php/Home/Buy/changeGoodsNumber/good_id/37/changTo/2
INFO: [ app_begin ] --START--
INFO: Run Behavior\ReadHtmlCacheBehavior [ RunTime:0.000488s ]
INFO: [ app_begin ] --END-- [ RunTime:0.000873s ]
SQL: SHOW COLUMNS FROM `sw_goods` [ RunTime:0.0031s ]
SQL: SHOW COLUMNS FROM `sw_category` [ RunTime:0.0029s ]
SQL: SELECT * FROM `sw_goods` WHERE ( is_hot=1 )  [ RunTime:0.0004s ]
NOTIC: [8] Undefined variable: cate_info E:\www\PHP1\ljl\2015-05-28\shop\Tool\HbaseController.class.php 第 14 行.
SQL: SHOW COLUMNS FROM `sw_category` [ RunTime:0.0028s ]
SQL: SELECT * FROM `sw_category`  [ RunTime:0.0003s ]
SQL: SHOW COLUMNS FROM `sw_cart` [ RunTime:0.0028s ]
SQL: SHOW COLUMNS FROM `sw_goods` [ RunTime:0.0030s ]
SQL: SELECT `goods_number` FROM `sw_goods` WHERE ( goods_id="$goods_id" ) LIMIT 1   [ RunTime:0.0002s ]
SQL: SHOW COLUMNS FROM `sw_cart` [ RunTime:0.0027s ]
ERR: SQLSTATE[42000]: Syntax error or access violation: 1064 You have an error in your SQL syntax; check the manual that corresponds to your MySQL server version for the right syntax to use near '' at line 1

[ 2015-06-29T10:20:11+08:00 ] 127.0.0.1 /index.php/Home/Buy/changeGoodsNumber/good_id/12/changTo/2
INFO: [ app_begin ] --START--
INFO: Run Behavior\ReadHtmlCacheBehavior [ RunTime:0.000483s ]
INFO: [ app_begin ] --END-- [ RunTime:0.000871s ]
SQL: SHOW COLUMNS FROM `sw_goods` [ RunTime:0.0033s ]
SQL: SHOW COLUMNS FROM `sw_category` [ RunTime:0.0027s ]
SQL: SELECT * FROM `sw_goods` WHERE ( is_hot=1 )  [ RunTime:0.0004s ]
NOTIC: [8] Undefined variable: cate_info E:\www\PHP1\ljl\2015-05-28\shop\Tool\HbaseController.class.php 第 14 行.
SQL: SHOW COLUMNS FROM `sw_category` [ RunTime:0.0029s ]
SQL: SELECT * FROM `sw_category`  [ RunTime:0.0003s ]
SQL: SHOW COLUMNS FROM `sw_cart` [ RunTime:0.0028s ]
SQL: SHOW COLUMNS FROM `sw_goods` [ RunTime:0.0029s ]
SQL: SELECT `goods_number` FROM `sw_goods` WHERE ( goods_id="$goods_id" ) LIMIT 1   [ RunTime:0.0002s ]
SQL: SHOW COLUMNS FROM `sw_cart` [ RunTime:0.0028s ]
ERR: SQLSTATE[42000]: Syntax error or access violation: 1064 You have an error in your SQL syntax; check the manual that corresponds to your MySQL server version for the right syntax to use near '' at line 1

[ 2015-06-29T10:20:11+08:00 ] 127.0.0.1 /index.php/Home/Buy/changeGoodsNumber/good_id/12/changTo/2
INFO: [ app_begin ] --START--
INFO: Run Behavior\ReadHtmlCacheBehavior [ RunTime:0.000460s ]
INFO: [ app_begin ] --END-- [ RunTime:0.000825s ]
SQL: SHOW COLUMNS FROM `sw_goods` [ RunTime:0.0032s ]
SQL: SHOW COLUMNS FROM `sw_category` [ RunTime:0.0028s ]
SQL: SELECT * FROM `sw_goods` WHERE ( is_hot=1 )  [ RunTime:0.0004s ]
NOTIC: [8] Undefined variable: cate_info E:\www\PHP1\ljl\2015-05-28\shop\Tool\HbaseController.class.php 第 14 行.
SQL: SHOW COLUMNS FROM `sw_category` [ RunTime:0.0027s ]
SQL: SELECT * FROM `sw_category`  [ RunTime:0.0003s ]
SQL: SHOW COLUMNS FROM `sw_cart` [ RunTime:0.0027s ]
SQL: SHOW COLUMNS FROM `sw_goods` [ RunTime:0.0029s ]
SQL: SELECT `goods_number` FROM `sw_goods` WHERE ( goods_id="$goods_id" ) LIMIT 1   [ RunTime:0.0002s ]
SQL: SHOW COLUMNS FROM `sw_cart` [ RunTime:0.0027s ]
ERR: SQLSTATE[42000]: Syntax error or access violation: 1064 You have an error in your SQL syntax; check the manual that corresponds to your MySQL server version for the right syntax to use near '' at line 1

[ 2015-06-29T10:20:11+08:00 ] 127.0.0.1 /index.php/Home/Buy/changeGoodsNumber/good_id/12/changTo/2
INFO: [ app_begin ] --START--
INFO: Run Behavior\ReadHtmlCacheBehavior [ RunTime:0.000507s ]
INFO: [ app_begin ] --END-- [ RunTime:0.000904s ]
SQL: SHOW COLUMNS FROM `sw_goods` [ RunTime:0.0030s ]
SQL: SHOW COLUMNS FROM `sw_category` [ RunTime:0.0027s ]
SQL: SELECT * FROM `sw_goods` WHERE ( is_hot=1 )  [ RunTime:0.0004s ]
NOTIC: [8] Undefined variable: cate_info E:\www\PHP1\ljl\2015-05-28\shop\Tool\HbaseController.class.php 第 14 行.
SQL: SHOW COLUMNS FROM `sw_category` [ RunTime:0.0027s ]
SQL: SELECT * FROM `sw_category`  [ RunTime:0.0003s ]
SQL: SHOW COLUMNS FROM `sw_cart` [ RunTime:0.0027s ]
SQL: SHOW COLUMNS FROM `sw_goods` [ RunTime:0.0028s ]
SQL: SELECT `goods_number` FROM `sw_goods` WHERE ( goods_id="$goods_id" ) LIMIT 1   [ RunTime:0.0002s ]
SQL: SHOW COLUMNS FROM `sw_cart` [ RunTime:0.0027s ]
ERR: SQLSTATE[42000]: Syntax error or access violation: 1064 You have an error in your SQL syntax; check the manual that corresponds to your MySQL server version for the right syntax to use near '' at line 1

[ 2015-06-29T10:20:12+08:00 ] 127.0.0.1 /index.php/Home/Buy/changeGoodsNumber/good_id/11/changTo/2
INFO: [ app_begin ] --START--
INFO: Run Behavior\ReadHtmlCacheBehavior [ RunTime:0.000508s ]
INFO: [ app_begin ] --END-- [ RunTime:0.000905s ]
SQL: SHOW COLUMNS FROM `sw_goods` [ RunTime:0.0036s ]
SQL: SHOW COLUMNS FROM `sw_category` [ RunTime:0.0032s ]
SQL: SELECT * FROM `sw_goods` WHERE ( is_hot=1 )  [ RunTime:0.0004s ]
NOTIC: [8] Undefined variable: cate_info E:\www\PHP1\ljl\2015-05-28\shop\Tool\HbaseController.class.php 第 14 行.
SQL: SHOW COLUMNS FROM `sw_category` [ RunTime:0.0029s ]
SQL: SELECT * FROM `sw_category`  [ RunTime:0.0003s ]
SQL: SHOW COLUMNS FROM `sw_cart` [ RunTime:0.0027s ]
SQL: SHOW COLUMNS FROM `sw_goods` [ RunTime:0.0031s ]
SQL: SELECT `goods_number` FROM `sw_goods` WHERE ( goods_id="$goods_id" ) LIMIT 1   [ RunTime:0.0002s ]
SQL: SHOW COLUMNS FROM `sw_cart` [ RunTime:0.0027s ]
ERR: SQLSTATE[42000]: Syntax error or access violation: 1064 You have an error in your SQL syntax; check the manual that corresponds to your MySQL server version for the right syntax to use near '' at line 1

[ 2015-06-29T10:20:12+08:00 ] 127.0.0.1 /index.php/Home/Buy/changeGoodsNumber/good_id/11/changTo/2
INFO: [ app_begin ] --START--
INFO: Run Behavior\ReadHtmlCacheBehavior [ RunTime:0.000458s ]
INFO: [ app_begin ] --END-- [ RunTime:0.000851s ]
SQL: SHOW COLUMNS FROM `sw_goods` [ RunTime:0.0031s ]
SQL: SHOW COLUMNS FROM `sw_category` [ RunTime:0.0028s ]
SQL: SELECT * FROM `sw_goods` WHERE ( is_hot=1 )  [ RunTime:0.0004s ]
NOTIC: [8] Undefined variable: cate_info E:\www\PHP1\ljl\2015-05-28\shop\Tool\HbaseController.class.php 第 14 行.
SQL: SHOW COLUMNS FROM `sw_category` [ RunTime:0.0028s ]
SQL: SELECT * FROM `sw_category`  [ RunTime:0.0003s ]
SQL: SHOW COLUMNS FROM `sw_cart` [ RunTime:0.0029s ]
SQL: SHOW COLUMNS FROM `sw_goods` [ RunTime:0.0030s ]
SQL: SELECT `goods_number` FROM `sw_goods` WHERE ( goods_id="$goods_id" ) LIMIT 1   [ RunTime:0.0002s ]
SQL: SHOW COLUMNS FROM `sw_cart` [ RunTime:0.0027s ]
ERR: SQLSTATE[42000]: Syntax error or access violation: 1064 You have an error in your SQL syntax; check the manual that corresponds to your MySQL server version for the right syntax to use near '' at line 1

[ 2015-06-29T10:20:12+08:00 ] 127.0.0.1 /index.php/Home/Buy/changeGoodsNumber/good_id/11/changTo/2
INFO: [ app_begin ] --START--
INFO: Run Behavior\ReadHtmlCacheBehavior [ RunTime:0.000458s ]
INFO: [ app_begin ] --END-- [ RunTime:0.000838s ]
SQL: SHOW COLUMNS FROM `sw_goods` [ RunTime:0.0031s ]
SQL: SHOW COLUMNS FROM `sw_category` [ RunTime:0.0027s ]
SQL: SELECT * FROM `sw_goods` WHERE ( is_hot=1 )  [ RunTime:0.0004s ]
NOTIC: [8] Undefined variable: cate_info E:\www\PHP1\ljl\2015-05-28\shop\Tool\HbaseController.class.php 第 14 行.
SQL: SHOW COLUMNS FROM `sw_category` [ RunTime:0.0027s ]
SQL: SELECT * FROM `sw_category`  [ RunTime:0.0003s ]
SQL: SHOW COLUMNS FROM `sw_cart` [ RunTime:0.0027s ]
SQL: SHOW COLUMNS FROM `sw_goods` [ RunTime:0.0029s ]
SQL: SELECT `goods_number` FROM `sw_goods` WHERE ( goods_id="$goods_id" ) LIMIT 1   [ RunTime:0.0002s ]
SQL: SHOW COLUMNS FROM `sw_cart` [ RunTime:0.0027s ]
ERR: SQLSTATE[42000]: Syntax error or access violation: 1064 You have an error in your SQL syntax; check the manual that corresponds to your MySQL server version for the right syntax to use near '' at line 1

[ 2015-06-29T10:21:18+08:00 ] 127.0.0.1 /index.php/Home/Buy/changeGoodsNumber/good_id/37/changTo/2
INFO: [ app_begin ] --START--
INFO: Run Behavior\ReadHtmlCacheBehavior [ RunTime:0.000431s ]
INFO: [ app_begin ] --END-- [ RunTime:0.000809s ]
SQL: SHOW COLUMNS FROM `sw_goods` [ RunTime:0.0032s ]
SQL: SHOW COLUMNS FROM `sw_category` [ RunTime:0.0027s ]
SQL: SELECT * FROM `sw_goods` WHERE ( is_hot=1 )  [ RunTime:0.0004s ]
NOTIC: [8] Undefined variable: cate_info E:\www\PHP1\ljl\2015-05-28\shop\Tool\HbaseController.class.php 第 14 行.
SQL: SHOW COLUMNS FROM `sw_category` [ RunTime:0.0029s ]
SQL: SELECT * FROM `sw_category`  [ RunTime:0.0003s ]
SQL: SHOW COLUMNS FROM `sw_cart` [ RunTime:0.0027s ]
SQL: SHOW COLUMNS FROM `sw_goods` [ RunTime:0.0029s ]
SQL: SELECT `goods_number` FROM `sw_goods` WHERE ( goods_id="$goods_id" ) LIMIT 1   [ RunTime:0.0002s ]
INFO: [ app_end ] --START--
INFO: Run Behavior\ShowPageTraceBehavior [ RunTime:0.000705s ]
INFO: [ app_end ] --END-- [ RunTime:0.000757s ]

[ 2015-06-29T10:21:19+08:00 ] 127.0.0.1 /index.php/Home/Buy/changeGoodsNumber/good_id/37/changTo/3
INFO: [ app_begin ] --START--
INFO: Run Behavior\ReadHtmlCacheBehavior [ RunTime:0.000452s ]
INFO: [ app_begin ] --END-- [ RunTime:0.000805s ]
SQL: SHOW COLUMNS FROM `sw_goods` [ RunTime:0.0031s ]
SQL: SHOW COLUMNS FROM `sw_category` [ RunTime:0.0027s ]
SQL: SELECT * FROM `sw_goods` WHERE ( is_hot=1 )  [ RunTime:0.0004s ]
NOTIC: [8] Undefined variable: cate_info E:\www\PHP1\ljl\2015-05-28\shop\Tool\HbaseController.class.php 第 14 行.
SQL: SHOW COLUMNS FROM `sw_category` [ RunTime:0.0027s ]
SQL: SELECT * FROM `sw_category`  [ RunTime:0.0003s ]
SQL: SHOW COLUMNS FROM `sw_cart` [ RunTime:0.0027s ]
SQL: SHOW COLUMNS FROM `sw_goods` [ RunTime:0.0028s ]
SQL: SELECT `goods_number` FROM `sw_goods` WHERE ( goods_id="$goods_id" ) LIMIT 1   [ RunTime:0.0002s ]
INFO: [ app_end ] --START--
INFO: Run Behavior\ShowPageTraceBehavior [ RunTime:0.000691s ]
INFO: [ app_end ] --END-- [ RunTime:0.000745s ]

[ 2015-06-29T10:21:20+08:00 ] 127.0.0.1 /index.php/Home/Buy/changeGoodsNumber/good_id/37/changTo/2
INFO: [ app_begin ] --START--
INFO: Run Behavior\ReadHtmlCacheBehavior [ RunTime:0.000485s ]
INFO: [ app_begin ] --END-- [ RunTime:0.000870s ]
SQL: SHOW COLUMNS FROM `sw_goods` [ RunTime:0.0030s ]
SQL: SHOW COLUMNS FROM `sw_category` [ RunTime:0.0028s ]
SQL: SELECT * FROM `sw_goods` WHERE ( is_hot=1 )  [ RunTime:0.0004s ]
NOTIC: [8] Undefined variable: cate_info E:\www\PHP1\ljl\2015-05-28\shop\Tool\HbaseController.class.php 第 14 行.
SQL: SHOW COLUMNS FROM `sw_category` [ RunTime:0.0028s ]
SQL: SELECT * FROM `sw_category`  [ RunTime:0.0003s ]
SQL: SHOW COLUMNS FROM `sw_cart` [ RunTime:0.0029s ]
SQL: SHOW COLUMNS FROM `sw_goods` [ RunTime:0.0030s ]
SQL: SELECT `goods_number` FROM `sw_goods` WHERE ( goods_id="$goods_id" ) LIMIT 1   [ RunTime:0.0002s ]
INFO: [ app_end ] --START--
INFO: Run Behavior\ShowPageTraceBehavior [ RunTime:0.000693s ]
INFO: [ app_end ] --END-- [ RunTime:0.000745s ]

[ 2015-06-29T10:21:21+08:00 ] 127.0.0.1 /index.php/Home/Buy/changeGoodsNumber/good_id/37/changTo/1
INFO: [ app_begin ] --START--
INFO: Run Behavior\ReadHtmlCacheBehavior [ RunTime:0.000458s ]
INFO: [ app_begin ] --END-- [ RunTime:0.000849s ]
SQL: SHOW COLUMNS FROM `sw_goods` [ RunTime:0.0031s ]
SQL: SHOW COLUMNS FROM `sw_category` [ RunTime:0.0028s ]
SQL: SELECT * FROM `sw_goods` WHERE ( is_hot=1 )  [ RunTime:0.0004s ]
NOTIC: [8] Undefined variable: cate_info E:\www\PHP1\ljl\2015-05-28\shop\Tool\HbaseController.class.php 第 14 行.
SQL: SHOW COLUMNS FROM `sw_category` [ RunTime:0.0029s ]
SQL: SELECT * FROM `sw_category`  [ RunTime:0.0003s ]
SQL: SHOW COLUMNS FROM `sw_cart` [ RunTime:0.0027s ]
SQL: SHOW COLUMNS FROM `sw_goods` [ RunTime:0.0028s ]
SQL: SELECT `goods_number` FROM `sw_goods` WHERE ( goods_id="$goods_id" ) LIMIT 1   [ RunTime:0.0002s ]
INFO: [ app_end ] --START--
INFO: Run Behavior\ShowPageTraceBehavior [ RunTime:0.000701s ]
INFO: [ app_end ] --END-- [ RunTime:0.000751s ]

[ 2015-06-29T10:21:23+08:00 ] 127.0.0.1 /index.php/Home/Buy/changeGoodsNumber/good_id/37/changTo/2
INFO: [ app_begin ] --START--
INFO: Run Behavior\ReadHtmlCacheBehavior [ RunTime:0.000462s ]
INFO: [ app_begin ] --END-- [ RunTime:0.000866s ]
SQL: SHOW COLUMNS FROM `sw_goods` [ RunTime:0.0032s ]
SQL: SHOW COLUMNS FROM `sw_category` [ RunTime:0.0028s ]
SQL: SELECT * FROM `sw_goods` WHERE ( is_hot=1 )  [ RunTime:0.0004s ]
NOTIC: [8] Undefined variable: cate_info E:\www\PHP1\ljl\2015-05-28\shop\Tool\HbaseController.class.php 第 14 行.
SQL: SHOW COLUMNS FROM `sw_category` [ RunTime:0.0029s ]
SQL: SELECT * FROM `sw_category`  [ RunTime:0.0003s ]
SQL: SHOW COLUMNS FROM `sw_cart` [ RunTime:0.0029s ]
SQL: SHOW COLUMNS FROM `sw_goods` [ RunTime:0.0031s ]
SQL: SELECT `goods_number` FROM `sw_goods` WHERE ( goods_id="$goods_id" ) LIMIT 1   [ RunTime:0.0002s ]
INFO: [ app_end ] --START--
INFO: Run Behavior\ShowPageTraceBehavior [ RunTime:0.000716s ]
INFO: [ app_end ] --END-- [ RunTime:0.000774s ]

[ 2015-06-29T10:21:23+08:00 ] 127.0.0.1 /index.php/Home/Buy/changeGoodsNumber/good_id/37/changTo/3
INFO: [ app_begin ] --START--
INFO: Run Behavior\ReadHtmlCacheBehavior [ RunTime:0.000486s ]
INFO: [ app_begin ] --END-- [ RunTime:0.000874s ]
SQL: SHOW COLUMNS FROM `sw_goods` [ RunTime:0.0033s ]
SQL: SHOW COLUMNS FROM `sw_category` [ RunTime:0.0027s ]
SQL: SELECT * FROM `sw_goods` WHERE ( is_hot=1 )  [ RunTime:0.0004s ]
NOTIC: [8] Undefined variable: cate_info E:\www\PHP1\ljl\2015-05-28\shop\Tool\HbaseController.class.php 第 14 行.
SQL: SHOW COLUMNS FROM `sw_category` [ RunTime:0.0027s ]
SQL: SELECT * FROM `sw_category`  [ RunTime:0.0003s ]
SQL: SHOW COLUMNS FROM `sw_cart` [ RunTime:0.0027s ]
SQL: SHOW COLUMNS FROM `sw_goods` [ RunTime:0.0028s ]
SQL: SELECT `goods_number` FROM `sw_goods` WHERE ( goods_id="$goods_id" ) LIMIT 1   [ RunTime:0.0002s ]
INFO: [ app_end ] --START--
INFO: Run Behavior\ShowPageTraceBehavior [ RunTime:0.000727s ]
INFO: [ app_end ] --END-- [ RunTime:0.000781s ]

[ 2015-06-29T10:21:23+08:00 ] 127.0.0.1 /index.php/Home/Buy/changeGoodsNumber/good_id/37/changTo/4
INFO: [ app_begin ] --START--
INFO: Run Behavior\ReadHtmlCacheBehavior [ RunTime:0.000456s ]
INFO: [ app_begin ] --END-- [ RunTime:0.000812s ]
SQL: SHOW COLUMNS FROM `sw_goods` [ RunTime:0.0031s ]
SQL: SHOW COLUMNS FROM `sw_category` [ RunTime:0.0028s ]
SQL: SELECT * FROM `sw_goods` WHERE ( is_hot=1 )  [ RunTime:0.0004s ]
NOTIC: [8] Undefined variable: cate_info E:\www\PHP1\ljl\2015-05-28\shop\Tool\HbaseController.class.php 第 14 行.
SQL: SHOW COLUMNS FROM `sw_category` [ RunTime:0.0027s ]
SQL: SELECT * FROM `sw_category`  [ RunTime:0.0003s ]
SQL: SHOW COLUMNS FROM `sw_cart` [ RunTime:0.0028s ]
SQL: SHOW COLUMNS FROM `sw_goods` [ RunTime:0.0029s ]
SQL: SELECT `goods_number` FROM `sw_goods` WHERE ( goods_id="$goods_id" ) LIMIT 1   [ RunTime:0.0002s ]
INFO: [ app_end ] --START--
INFO: Run Behavior\ShowPageTraceBehavior [ RunTime:0.000675s ]
INFO: [ app_end ] --END-- [ RunTime:0.000727s ]

[ 2015-06-29T10:21:40+08:00 ] 127.0.0.1 /index.php/Home/Buy/changeGoodsNumber/good_id/37/changTo/3
INFO: [ app_begin ] --START--
INFO: Run Behavior\ReadHtmlCacheBehavior [ RunTime:0.000476s ]
INFO: [ app_begin ] --END-- [ RunTime:0.000843s ]
SQL: SHOW COLUMNS FROM `sw_goods` [ RunTime:0.0034s ]
SQL: SHOW COLUMNS FROM `sw_category` [ RunTime:0.0028s ]
SQL: SELECT * FROM `sw_goods` WHERE ( is_hot=1 )  [ RunTime:0.0004s ]
NOTIC: [8] Undefined variable: cate_info E:\www\PHP1\ljl\2015-05-28\shop\Tool\HbaseController.class.php 第 14 行.
SQL: SHOW COLUMNS FROM `sw_category` [ RunTime:0.0033s ]
SQL: SELECT * FROM `sw_category`  [ RunTime:0.0004s ]
SQL: SHOW COLUMNS FROM `sw_cart` [ RunTime:0.0029s ]
SQL: SHOW COLUMNS FROM `sw_goods` [ RunTime:0.0029s ]
SQL: SELECT `goods_number` FROM `sw_goods` WHERE ( goods_id="$goods_id" ) LIMIT 1   [ RunTime:0.0002s ]
SQL: SHOW COLUMNS FROM `sw_cart` [ RunTime:0.0027s ]
ERR: SQLSTATE[42000]: Syntax error or access violation: 1064 You have an error in your SQL syntax; check the manual that corresponds to your MySQL server version for the right syntax to use near '' at line 1

[ 2015-06-29T10:21:41+08:00 ] 127.0.0.1 /index.php/Home/Buy/changeGoodsNumber/good_id/37/changTo/3
INFO: [ app_begin ] --START--
INFO: Run Behavior\ReadHtmlCacheBehavior [ RunTime:0.000476s ]
INFO: [ app_begin ] --END-- [ RunTime:0.000875s ]
SQL: SHOW COLUMNS FROM `sw_goods` [ RunTime:0.0031s ]
SQL: SHOW COLUMNS FROM `sw_category` [ RunTime:0.0027s ]
SQL: SELECT * FROM `sw_goods` WHERE ( is_hot=1 )  [ RunTime:0.0004s ]
NOTIC: [8] Undefined variable: cate_info E:\www\PHP1\ljl\2015-05-28\shop\Tool\HbaseController.class.php 第 14 行.
SQL: SHOW COLUMNS FROM `sw_category` [ RunTime:0.0029s ]
SQL: SELECT * FROM `sw_category`  [ RunTime:0.0003s ]
SQL: SHOW COLUMNS FROM `sw_cart` [ RunTime:0.0027s ]
SQL: SHOW COLUMNS FROM `sw_goods` [ RunTime:0.0028s ]
SQL: SELECT `goods_number` FROM `sw_goods` WHERE ( goods_id="$goods_id" ) LIMIT 1   [ RunTime:0.0002s ]
SQL: SHOW COLUMNS FROM `sw_cart` [ RunTime:0.0027s ]
ERR: SQLSTATE[42000]: Syntax error or access violation: 1064 You have an error in your SQL syntax; check the manual that corresponds to your MySQL server version for the right syntax to use near '' at line 1

[ 2015-06-29T10:21:42+08:00 ] 127.0.0.1 /index.php/Home/Buy/changeGoodsNumber/good_id/37/changTo/3
INFO: [ app_begin ] --START--
INFO: Run Behavior\ReadHtmlCacheBehavior [ RunTime:0.000460s ]
INFO: [ app_begin ] --END-- [ RunTime:0.000824s ]
SQL: SHOW COLUMNS FROM `sw_goods` [ RunTime:0.0033s ]
SQL: SHOW COLUMNS FROM `sw_category` [ RunTime:0.0027s ]
SQL: SELECT * FROM `sw_goods` WHERE ( is_hot=1 )  [ RunTime:0.0004s ]
NOTIC: [8] Undefined variable: cate_info E:\www\PHP1\ljl\2015-05-28\shop\Tool\HbaseController.class.php 第 14 行.
SQL: SHOW COLUMNS FROM `sw_category` [ RunTime:0.0027s ]
SQL: SELECT * FROM `sw_category`  [ RunTime:0.0003s ]
SQL: SHOW COLUMNS FROM `sw_cart` [ RunTime:0.0028s ]
SQL: SHOW COLUMNS FROM `sw_goods` [ RunTime:0.0028s ]
SQL: SELECT `goods_number` FROM `sw_goods` WHERE ( goods_id="$goods_id" ) LIMIT 1   [ RunTime:0.0002s ]
SQL: SHOW COLUMNS FROM `sw_cart` [ RunTime:0.0026s ]
ERR: SQLSTATE[42000]: Syntax error or access violation: 1064 You have an error in your SQL syntax; check the manual that corresponds to your MySQL server version for the right syntax to use near '' at line 1

[ 2015-06-29T10:21:42+08:00 ] 127.0.0.1 /index.php/Home/Buy/changeGoodsNumber/good_id/37/changTo/3
INFO: [ app_begin ] --START--
INFO: Run Behavior\ReadHtmlCacheBehavior [ RunTime:0.000449s ]
INFO: [ app_begin ] --END-- [ RunTime:0.000806s ]
SQL: SHOW COLUMNS FROM `sw_goods` [ RunTime:0.0031s ]
SQL: SHOW COLUMNS FROM `sw_category` [ RunTime:0.0027s ]
SQL: SELECT * FROM `sw_goods` WHERE ( is_hot=1 )  [ RunTime:0.0004s ]
NOTIC: [8] Undefined variable: cate_info E:\www\PHP1\ljl\2015-05-28\shop\Tool\HbaseController.class.php 第 14 行.
SQL: SHOW COLUMNS FROM `sw_category` [ RunTime:0.0028s ]
SQL: SELECT * FROM `sw_category`  [ RunTime:0.0003s ]
SQL: SHOW COLUMNS FROM `sw_cart` [ RunTime:0.0028s ]
SQL: SHOW COLUMNS FROM `sw_goods` [ RunTime:0.0029s ]
SQL: SELECT `goods_number` FROM `sw_goods` WHERE ( goods_id="$goods_id" ) LIMIT 1   [ RunTime:0.0002s ]
SQL: SHOW COLUMNS FROM `sw_cart` [ RunTime:0.0029s ]
ERR: SQLSTATE[42000]: Syntax error or access violation: 1064 You have an error in your SQL syntax; check the manual that corresponds to your MySQL server version for the right syntax to use near '' at line 1

[ 2015-06-29T10:21:42+08:00 ] 127.0.0.1 /index.php/Home/Buy/changeGoodsNumber/good_id/37/changTo/3
INFO: [ app_begin ] --START--
INFO: Run Behavior\ReadHtmlCacheBehavior [ RunTime:0.000464s ]
INFO: [ app_begin ] --END-- [ RunTime:0.000827s ]
SQL: SHOW COLUMNS FROM `sw_goods` [ RunTime:0.0030s ]
SQL: SHOW COLUMNS FROM `sw_category` [ RunTime:0.0027s ]
SQL: SELECT * FROM `sw_goods` WHERE ( is_hot=1 )  [ RunTime:0.0004s ]
NOTIC: [8] Undefined variable: cate_info E:\www\PHP1\ljl\2015-05-28\shop\Tool\HbaseController.class.php 第 14 行.
SQL: SHOW COLUMNS FROM `sw_category` [ RunTime:0.0027s ]
SQL: SELECT * FROM `sw_category`  [ RunTime:0.0003s ]
SQL: SHOW COLUMNS FROM `sw_cart` [ RunTime:0.0027s ]
SQL: SHOW COLUMNS FROM `sw_goods` [ RunTime:0.0029s ]
SQL: SELECT `goods_number` FROM `sw_goods` WHERE ( goods_id="$goods_id" ) LIMIT 1   [ RunTime:0.0002s ]
SQL: SHOW COLUMNS FROM `sw_cart` [ RunTime:0.0027s ]
ERR: SQLSTATE[42000]: Syntax error or access violation: 1064 You have an error in your SQL syntax; check the manual that corresponds to your MySQL server version for the right syntax to use near '' at line 1

[ 2015-06-29T10:22:22+08:00 ] 127.0.0.1 /index.php/Home/Buy/changeGoodsNumber/good_id/37/changTo/3
INFO: [ app_begin ] --START--
INFO: Run Behavior\ReadHtmlCacheBehavior [ RunTime:0.000516s ]
INFO: [ app_begin ] --END-- [ RunTime:0.000856s ]
SQL: SHOW COLUMNS FROM `sw_goods` [ RunTime:0.0035s ]
SQL: SHOW COLUMNS FROM `sw_category` [ RunTime:0.0027s ]
SQL: SELECT * FROM `sw_goods` WHERE ( is_hot=1 )  [ RunTime:0.0004s ]
NOTIC: [8] Undefined variable: cate_info E:\www\PHP1\ljl\2015-05-28\shop\Tool\HbaseController.class.php 第 14 行.
SQL: SHOW COLUMNS FROM `sw_category` [ RunTime:0.0027s ]
SQL: SELECT * FROM `sw_category`  [ RunTime:0.0003s ]
SQL: SHOW COLUMNS FROM `sw_cart` [ RunTime:0.0028s ]
SQL: SHOW COLUMNS FROM `sw_goods` [ RunTime:0.0028s ]
SQL: SELECT `goods_number` FROM `sw_goods` WHERE ( goods_id="$goods_id" ) LIMIT 1   [ RunTime:0.0002s ]
SQL: SHOW COLUMNS FROM `sw_cart` [ RunTime:0.0026s ]
ERR: SQLSTATE[42000]: Syntax error or access violation: 1064 You have an error in your SQL syntax; check the manual that corresponds to your MySQL server version for the right syntax to use near '' at line 1

[ 2015-06-29T10:22:24+08:00 ] 127.0.0.1 /index.php/Home/Buy/changeGoodsNumber/good_id/37/changTo/3
INFO: [ app_begin ] --START--
INFO: Run Behavior\ReadHtmlCacheBehavior [ RunTime:0.000459s ]
INFO: [ app_begin ] --END-- [ RunTime:0.000789s ]
SQL: SHOW COLUMNS FROM `sw_goods` [ RunTime:0.0030s ]
SQL: SHOW COLUMNS FROM `sw_category` [ RunTime:0.0027s ]
SQL: SELECT * FROM `sw_goods` WHERE ( is_hot=1 )  [ RunTime:0.0004s ]
NOTIC: [8] Undefined variable: cate_info E:\www\PHP1\ljl\2015-05-28\shop\Tool\HbaseController.class.php 第 14 行.
SQL: SHOW COLUMNS FROM `sw_category` [ RunTime:0.0028s ]
SQL: SELECT * FROM `sw_category`  [ RunTime:0.0003s ]
SQL: SHOW COLUMNS FROM `sw_cart` [ RunTime:0.0027s ]
SQL: SHOW COLUMNS FROM `sw_goods` [ RunTime:0.0029s ]
SQL: SELECT `goods_number` FROM `sw_goods` WHERE ( goods_id="$goods_id" ) LIMIT 1   [ RunTime:0.0002s ]
SQL: SHOW COLUMNS FROM `sw_cart` [ RunTime:0.0027s ]
ERR: SQLSTATE[42000]: Syntax error or access violation: 1064 You have an error in your SQL syntax; check the manual that corresponds to your MySQL server version for the right syntax to use near '' at line 1

[ 2015-06-29T10:22:25+08:00 ] 127.0.0.1 /index.php/Home/Buy/changeGoodsNumber/good_id/37/changTo/3
INFO: [ app_begin ] --START--
INFO: Run Behavior\ReadHtmlCacheBehavior [ RunTime:0.000491s ]
INFO: [ app_begin ] --END-- [ RunTime:0.000834s ]
SQL: SHOW COLUMNS FROM `sw_goods` [ RunTime:0.0032s ]
SQL: SHOW COLUMNS FROM `sw_category` [ RunTime:0.0029s ]
SQL: SELECT * FROM `sw_goods` WHERE ( is_hot=1 )  [ RunTime:0.0004s ]
NOTIC: [8] Undefined variable: cate_info E:\www\PHP1\ljl\2015-05-28\shop\Tool\HbaseController.class.php 第 14 行.
SQL: SHOW COLUMNS FROM `sw_category` [ RunTime:0.0029s ]
SQL: SELECT * FROM `sw_category`  [ RunTime:0.0003s ]
SQL: SHOW COLUMNS FROM `sw_cart` [ RunTime:0.0029s ]
SQL: SHOW COLUMNS FROM `sw_goods` [ RunTime:0.0029s ]
SQL: SELECT `goods_number` FROM `sw_goods` WHERE ( goods_id="$goods_id" ) LIMIT 1   [ RunTime:0.0002s ]
SQL: SHOW COLUMNS FROM `sw_cart` [ RunTime:0.0027s ]
ERR: SQLSTATE[42000]: Syntax error or access violation: 1064 You have an error in your SQL syntax; check the manual that corresponds to your MySQL server version for the right syntax to use near '' at line 1

[ 2015-06-29T10:22:25+08:00 ] 127.0.0.1 /index.php/Home/Buy/changeGoodsNumber/good_id/12/changTo/2
INFO: [ app_begin ] --START--
INFO: Run Behavior\ReadHtmlCacheBehavior [ RunTime:0.000465s ]
INFO: [ app_begin ] --END-- [ RunTime:0.000829s ]
SQL: SHOW COLUMNS FROM `sw_goods` [ RunTime:0.0032s ]
SQL: SHOW COLUMNS FROM `sw_category` [ RunTime:0.0029s ]
SQL: SELECT * FROM `sw_goods` WHERE ( is_hot=1 )  [ RunTime:0.0004s ]
NOTIC: [8] Undefined variable: cate_info E:\www\PHP1\ljl\2015-05-28\shop\Tool\HbaseController.class.php 第 14 行.
SQL: SHOW COLUMNS FROM `sw_category` [ RunTime:0.0027s ]
SQL: SELECT * FROM `sw_category`  [ RunTime:0.0003s ]
SQL: SHOW COLUMNS FROM `sw_cart` [ RunTime:0.0028s ]
SQL: SHOW COLUMNS FROM `sw_goods` [ RunTime:0.0029s ]
SQL: SELECT `goods_number` FROM `sw_goods` WHERE ( goods_id="$goods_id" ) LIMIT 1   [ RunTime:0.0002s ]
SQL: SHOW COLUMNS FROM `sw_cart` [ RunTime:0.0027s ]
ERR: SQLSTATE[42000]: Syntax error or access violation: 1064 You have an error in your SQL syntax; check the manual that corresponds to your MySQL server version for the right syntax to use near '' at line 1

[ 2015-06-29T10:22:25+08:00 ] 127.0.0.1 /index.php/Home/Buy/changeGoodsNumber/good_id/12/changTo/2
INFO: [ app_begin ] --START--
INFO: Run Behavior\ReadHtmlCacheBehavior [ RunTime:0.000467s ]
INFO: [ app_begin ] --END-- [ RunTime:0.000804s ]
SQL: SHOW COLUMNS FROM `sw_goods` [ RunTime:0.0033s ]
SQL: SHOW COLUMNS FROM `sw_category` [ RunTime:0.0031s ]
SQL: SELECT * FROM `sw_goods` WHERE ( is_hot=1 )  [ RunTime:0.0004s ]
NOTIC: [8] Undefined variable: cate_info E:\www\PHP1\ljl\2015-05-28\shop\Tool\HbaseController.class.php 第 14 行.
SQL: SHOW COLUMNS FROM `sw_category` [ RunTime:0.0029s ]
SQL: SELECT * FROM `sw_category`  [ RunTime:0.0003s ]
SQL: SHOW COLUMNS FROM `sw_cart` [ RunTime:0.0030s ]
SQL: SHOW COLUMNS FROM `sw_goods` [ RunTime:0.0029s ]
SQL: SELECT `goods_number` FROM `sw_goods` WHERE ( goods_id="$goods_id" ) LIMIT 1   [ RunTime:0.0002s ]
SQL: SHOW COLUMNS FROM `sw_cart` [ RunTime:0.0027s ]
ERR: SQLSTATE[42000]: Syntax error or access violation: 1064 You have an error in your SQL syntax; check the manual that corresponds to your MySQL server version for the right syntax to use near '' at line 1

[ 2015-06-29T10:22:26+08:00 ] 127.0.0.1 /index.php/Home/Buy/changeGoodsNumber/good_id/37/changTo/1
INFO: [ app_begin ] --START--
INFO: Run Behavior\ReadHtmlCacheBehavior [ RunTime:0.000472s ]
INFO: [ app_begin ] --END-- [ RunTime:0.000839s ]
SQL: SHOW COLUMNS FROM `sw_goods` [ RunTime:0.0033s ]
SQL: SHOW COLUMNS FROM `sw_category` [ RunTime:0.0028s ]
SQL: SELECT * FROM `sw_goods` WHERE ( is_hot=1 )  [ RunTime:0.0004s ]
NOTIC: [8] Undefined variable: cate_info E:\www\PHP1\ljl\2015-05-28\shop\Tool\HbaseController.class.php 第 14 行.
SQL: SHOW COLUMNS FROM `sw_category` [ RunTime:0.0028s ]
SQL: SELECT * FROM `sw_category`  [ RunTime:0.0003s ]
SQL: SHOW COLUMNS FROM `sw_cart` [ RunTime:0.0027s ]
SQL: SHOW COLUMNS FROM `sw_goods` [ RunTime:0.0028s ]
SQL: SELECT `goods_number` FROM `sw_goods` WHERE ( goods_id="$goods_id" ) LIMIT 1   [ RunTime:0.0002s ]
SQL: SHOW COLUMNS FROM `sw_cart` [ RunTime:0.0028s ]
ERR: SQLSTATE[42000]: Syntax error or access violation: 1064 You have an error in your SQL syntax; check the manual that corresponds to your MySQL server version for the right syntax to use near '' at line 1

[ 2015-06-29T10:22:27+08:00 ] 127.0.0.1 /index.php/Home/Buy/changeGoodsNumber/good_id/37/changTo/1
INFO: [ app_begin ] --START--
INFO: Run Behavior\ReadHtmlCacheBehavior [ RunTime:0.000465s ]
INFO: [ app_begin ] --END-- [ RunTime:0.000799s ]
SQL: SHOW COLUMNS FROM `sw_goods` [ RunTime:0.0034s ]
SQL: SHOW COLUMNS FROM `sw_category` [ RunTime:0.0031s ]
SQL: SELECT * FROM `sw_goods` WHERE ( is_hot=1 )  [ RunTime:0.0004s ]
NOTIC: [8] Undefined variable: cate_info E:\www\PHP1\ljl\2015-05-28\shop\Tool\HbaseController.class.php 第 14 行.
SQL: SHOW COLUMNS FROM `sw_category` [ RunTime:0.0027s ]
SQL: SELECT * FROM `sw_category`  [ RunTime:0.0003s ]
SQL: SHOW COLUMNS FROM `sw_cart` [ RunTime:0.0028s ]
SQL: SHOW COLUMNS FROM `sw_goods` [ RunTime:0.0029s ]
SQL: SELECT `goods_number` FROM `sw_goods` WHERE ( goods_id="$goods_id" ) LIMIT 1   [ RunTime:0.0002s ]
SQL: SHOW COLUMNS FROM `sw_cart` [ RunTime:0.0027s ]
ERR: SQLSTATE[42000]: Syntax error or access violation: 1064 You have an error in your SQL syntax; check the manual that corresponds to your MySQL server version for the right syntax to use near '' at line 1

[ 2015-06-29T10:22:30+08:00 ] 127.0.0.1 /index.php/Home/Buy/changeGoodsNumber/good_id/37/changTo/1
INFO: [ app_begin ] --START--
INFO: Run Behavior\ReadHtmlCacheBehavior [ RunTime:0.000456s ]
INFO: [ app_begin ] --END-- [ RunTime:0.000788s ]
SQL: SHOW COLUMNS FROM `sw_goods` [ RunTime:0.0032s ]
SQL: SHOW COLUMNS FROM `sw_category` [ RunTime:0.0029s ]
SQL: SELECT * FROM `sw_goods` WHERE ( is_hot=1 )  [ RunTime:0.0004s ]
NOTIC: [8] Undefined variable: cate_info E:\www\PHP1\ljl\2015-05-28\shop\Tool\HbaseController.class.php 第 14 行.
SQL: SHOW COLUMNS FROM `sw_category` [ RunTime:0.0027s ]
SQL: SELECT * FROM `sw_category`  [ RunTime:0.0003s ]
SQL: SHOW COLUMNS FROM `sw_cart` [ RunTime:0.0029s ]
SQL: SHOW COLUMNS FROM `sw_goods` [ RunTime:0.0030s ]
SQL: SELECT `goods_number` FROM `sw_goods` WHERE ( goods_id="$goods_id" ) LIMIT 1   [ RunTime:0.0002s ]
SQL: SHOW COLUMNS FROM `sw_cart` [ RunTime:0.0028s ]
ERR: SQLSTATE[42000]: Syntax error or access violation: 1064 You have an error in your SQL syntax; check the manual that corresponds to your MySQL server version for the right syntax to use near '' at line 1

[ 2015-06-29T10:23:16+08:00 ] 127.0.0.1 /index.php/Home/Buy/changeGoodsNumber/good_id/37/changTo/5
INFO: [ app_begin ] --START--
INFO: Run Behavior\ReadHtmlCacheBehavior [ RunTime:0.000480s ]
INFO: [ app_begin ] --END-- [ RunTime:0.000855s ]
SQL: SHOW COLUMNS FROM `sw_goods` [ RunTime:0.0032s ]
SQL: SHOW COLUMNS FROM `sw_category` [ RunTime:0.0027s ]
SQL: SELECT * FROM `sw_goods` WHERE ( is_hot=1 )  [ RunTime:0.0004s ]
NOTIC: [8] Undefined variable: cate_info E:\www\PHP1\ljl\2015-05-28\shop\Tool\HbaseController.class.php 第 14 行.
SQL: SHOW COLUMNS FROM `sw_category` [ RunTime:0.0026s ]
SQL: SELECT * FROM `sw_category`  [ RunTime:0.0003s ]
SQL: SHOW COLUMNS FROM `sw_cart` [ RunTime:0.0027s ]
SQL: SHOW COLUMNS FROM `sw_goods` [ RunTime:0.0028s ]
SQL: SELECT `goods_number` FROM `sw_goods` WHERE ( goods_id="$goods_id" ) LIMIT 1   [ RunTime:0.0002s ]
SQL: SHOW COLUMNS FROM `sw_cart` [ RunTime:0.0027s ]
ERR: SQLSTATE[42000]: Syntax error or access violation: 1064 You have an error in your SQL syntax; check the manual that corresponds to your MySQL server version for the right syntax to use near '' at line 1

[ 2015-06-29T10:23:16+08:00 ] 127.0.0.1 /index.php/Home/Buy/changeGoodsNumber/good_id/37/changTo/5
INFO: [ app_begin ] --START--
INFO: Run Behavior\ReadHtmlCacheBehavior [ RunTime:0.000485s ]
INFO: [ app_begin ] --END-- [ RunTime:0.000881s ]
SQL: SHOW COLUMNS FROM `sw_goods` [ RunTime:0.0033s ]
SQL: SHOW COLUMNS FROM `sw_category` [ RunTime:0.0028s ]
SQL: SELECT * FROM `sw_goods` WHERE ( is_hot=1 )  [ RunTime:0.0004s ]
NOTIC: [8] Undefined variable: cate_info E:\www\PHP1\ljl\2015-05-28\shop\Tool\HbaseController.class.php 第 14 行.
SQL: SHOW COLUMNS FROM `sw_category` [ RunTime:0.0027s ]
SQL: SELECT * FROM `sw_category`  [ RunTime:0.0003s ]
SQL: SHOW COLUMNS FROM `sw_cart` [ RunTime:0.0028s ]
SQL: SHOW COLUMNS FROM `sw_goods` [ RunTime:0.0029s ]
SQL: SELECT `goods_number` FROM `sw_goods` WHERE ( goods_id="$goods_id" ) LIMIT 1   [ RunTime:0.0002s ]
SQL: SHOW COLUMNS FROM `sw_cart` [ RunTime:0.0027s ]
ERR: SQLSTATE[42000]: Syntax error or access violation: 1064 You have an error in your SQL syntax; check the manual that corresponds to your MySQL server version for the right syntax to use near '' at line 1

[ 2015-06-29T10:23:17+08:00 ] 127.0.0.1 /index.php/Home/Buy/changeGoodsNumber/good_id/37/changTo/5
INFO: [ app_begin ] --START--
INFO: Run Behavior\ReadHtmlCacheBehavior [ RunTime:0.000481s ]
INFO: [ app_begin ] --END-- [ RunTime:0.000868s ]
SQL: SHOW COLUMNS FROM `sw_goods` [ RunTime:0.0030s ]
SQL: SHOW COLUMNS FROM `sw_category` [ RunTime:0.0028s ]
SQL: SELECT * FROM `sw_goods` WHERE ( is_hot=1 )  [ RunTime:0.0004s ]
NOTIC: [8] Undefined variable: cate_info E:\www\PHP1\ljl\2015-05-28\shop\Tool\HbaseController.class.php 第 14 行.
SQL: SHOW COLUMNS FROM `sw_category` [ RunTime:0.0029s ]
SQL: SELECT * FROM `sw_category`  [ RunTime:0.0003s ]
SQL: SHOW COLUMNS FROM `sw_cart` [ RunTime:0.0027s ]
SQL: SHOW COLUMNS FROM `sw_goods` [ RunTime:0.0030s ]
SQL: SELECT `goods_number` FROM `sw_goods` WHERE ( goods_id="$goods_id" ) LIMIT 1   [ RunTime:0.0002s ]
SQL: SHOW COLUMNS FROM `sw_cart` [ RunTime:0.0027s ]
ERR: SQLSTATE[42000]: Syntax error or access violation: 1064 You have an error in your SQL syntax; check the manual that corresponds to your MySQL server version for the right syntax to use near '' at line 1

[ 2015-06-29T10:23:17+08:00 ] 127.0.0.1 /index.php/Home/Buy/changeGoodsNumber/good_id/12/changTo/5
INFO: [ app_begin ] --START--
INFO: Run Behavior\ReadHtmlCacheBehavior [ RunTime:0.000458s ]
INFO: [ app_begin ] --END-- [ RunTime:0.000795s ]
SQL: SHOW COLUMNS FROM `sw_goods` [ RunTime:0.0030s ]
SQL: SHOW COLUMNS FROM `sw_category` [ RunTime:0.0028s ]
SQL: SELECT * FROM `sw_goods` WHERE ( is_hot=1 )  [ RunTime:0.0004s ]
NOTIC: [8] Undefined variable: cate_info E:\www\PHP1\ljl\2015-05-28\shop\Tool\HbaseController.class.php 第 14 行.
SQL: SHOW COLUMNS FROM `sw_category` [ RunTime:0.0027s ]
SQL: SELECT * FROM `sw_category`  [ RunTime:0.0003s ]
SQL: SHOW COLUMNS FROM `sw_cart` [ RunTime:0.0028s ]
SQL: SHOW COLUMNS FROM `sw_goods` [ RunTime:0.0028s ]
SQL: SELECT `goods_number` FROM `sw_goods` WHERE ( goods_id="$goods_id" ) LIMIT 1   [ RunTime:0.0002s ]
SQL: SHOW COLUMNS FROM `sw_cart` [ RunTime:0.0027s ]
ERR: SQLSTATE[42000]: Syntax error or access violation: 1064 You have an error in your SQL syntax; check the manual that corresponds to your MySQL server version for the right syntax to use near '' at line 1

