[ 2015-06-16T19:46:37+08:00 ] 127.0.0.1 /index.php/Home/ChinaArea.xml
INFO: [ app_begin ] --START--
INFO: Run Behavior\ReadHtmlCacheBehavior [ RunTime:0.000486s ]
INFO: [ app_begin ] --END-- [ RunTime:0.000840s ]
ERR: 无法加载控制器:ChinaArea.xml

[ 2015-06-16T19:47:11+08:00 ] 127.0.0.1 /index.php/Home/ChinaArea.xml
INFO: [ app_begin ] --START--
INFO: Run Behavior\ReadHtmlCacheBehavior [ RunTime:0.000636s ]
INFO: [ app_begin ] --END-- [ RunTime:0.001043s ]
ERR: 无法加载控制器:ChinaArea.xml

[ 2015-06-16T19:47:52+08:00 ] 127.0.0.1 /index.php/Home/ChinaArea.xml
INFO: [ app_begin ] --START--
INFO: Run Behavior\ReadHtmlCacheBehavior [ RunTime:0.000586s ]
INFO: [ app_begin ] --END-- [ RunTime:0.000975s ]
ERR: 无法加载控制器:ChinaArea.xml

[ 2015-06-16T19:50:06+08:00 ] 127.0.0.1 /index.php/Home/ChinaArea.xml
INFO: [ app_begin ] --START--
INFO: Run Behavior\ReadHtmlCacheBehavior [ RunTime:0.000752s ]
INFO: [ app_begin ] --END-- [ RunTime:0.001206s ]
ERR: 无法加载控制器:ChinaArea.xml

[ 2015-06-16T19:50:13+08:00 ] 127.0.0.1 /index.php/Home/ChinaArea.xml
INFO: [ app_begin ] --START--
INFO: Run Behavior\ReadHtmlCacheBehavior [ RunTime:0.000692s ]
INFO: [ app_begin ] --END-- [ RunTime:0.001135s ]
ERR: 无法加载控制器:ChinaArea.xml

[ 2015-06-16T19:51:07+08:00 ] 127.0.0.1 /index.php/Home/ChinaArea.xml
INFO: [ app_begin ] --START--
INFO: Run Behavior\ReadHtmlCacheBehavior [ RunTime:0.000950s ]
INFO: [ app_begin ] --END-- [ RunTime:0.001604s ]
ERR: 无法加载控制器:ChinaArea.xml

[ 2015-06-16T19:51:09+08:00 ] 127.0.0.1 /index.php/Home/ChinaArea.xml
INFO: [ app_begin ] --START--
INFO: Run Behavior\ReadHtmlCacheBehavior [ RunTime:0.000486s ]
INFO: [ app_begin ] --END-- [ RunTime:0.000798s ]
ERR: 无法加载控制器:ChinaArea.xml

[ 2015-06-16T19:51:10+08:00 ] 127.0.0.1 /index.php/Home/ChinaArea.xml
INFO: [ app_begin ] --START--
INFO: Run Behavior\ReadHtmlCacheBehavior [ RunTime:0.000471s ]
INFO: [ app_begin ] --END-- [ RunTime:0.000756s ]
ERR: 无法加载控制器:ChinaArea.xml

[ 2015-06-16T19:51:23+08:00 ] 127.0.0.1 /index.php/Home/ChinaArea.xml
INFO: [ app_begin ] --START--
INFO: Run Behavior\ReadHtmlCacheBehavior [ RunTime:0.000597s ]
INFO: [ app_begin ] --END-- [ RunTime:0.001251s ]
ERR: 无法加载控制器:ChinaArea.xml

[ 2015-06-16T19:51:36+08:00 ] 127.0.0.1 /index.php/Home/ChinaArea.xml
INFO: [ app_begin ] --START--
INFO: Run Behavior\ReadHtmlCacheBehavior [ RunTime:0.000417s ]
INFO: [ app_begin ] --END-- [ RunTime:0.000760s ]
ERR: 无法加载控制器:ChinaArea.xml

[ 2015-06-16T19:51:39+08:00 ] 127.0.0.1 /index.php/Home/ChinaArea.xml
INFO: [ app_begin ] --START--
INFO: Run Behavior\ReadHtmlCacheBehavior [ RunTime:0.000464s ]
INFO: [ app_begin ] --END-- [ RunTime:0.000770s ]
ERR: 无法加载控制器:ChinaArea.xml

[ 2015-06-16T19:53:21+08:00 ] 127.0.0.1 /index.php/Home/Buy/ChinaArea.xml
INFO: [ app_begin ] --START--
INFO: Run Behavior\ReadHtmlCacheBehavior [ RunTime:0.000521s ]
INFO: [ app_begin ] --END-- [ RunTime:0.000800s ]
SQL: SHOW COLUMNS FROM `sw_goods` [ RunTime:0.0024s ]
SQL: SHOW COLUMNS FROM `sw_category` [ RunTime:0.0023s ]
SQL: SELECT * FROM `sw_goods` WHERE ( is_hot=1 )  [ RunTime:0.0003s ]
NOTIC: [8] Undefined variable: cate_info E:\www\PHP1\ljl\2015-05-28\shop\Tool\HbaseController.class.php 第 14 行.
SQL: SHOW COLUMNS FROM `sw_category` [ RunTime:0.0021s ]
SQL: SELECT * FROM `sw_category`  [ RunTime:0.0003s ]
ERR: 非法操作:ChinaArea.xml

[ 2015-06-16T19:53:38+08:00 ] 127.0.0.1 /index.php/Home/ChinaArea.xml
INFO: [ app_begin ] --START--
INFO: Run Behavior\ReadHtmlCacheBehavior [ RunTime:0.000482s ]
INFO: [ app_begin ] --END-- [ RunTime:0.000787s ]
ERR: 无法加载控制器:ChinaArea.xml

[ 2015-06-16T19:55:57+08:00 ] 127.0.0.1 /index.php/Home/ChinaArea.xml
INFO: [ app_begin ] --START--
INFO: Run Behavior\ReadHtmlCacheBehavior [ RunTime:0.000872s ]
INFO: [ app_begin ] --END-- [ RunTime:0.001388s ]
ERR: 无法加载控制器:ChinaArea.xml

[ 2015-06-16T19:56:32+08:00 ] 127.0.0.1 /index.php/Home/ChinaArea.xml
INFO: [ app_begin ] --START--
INFO: Run Behavior\ReadHtmlCacheBehavior [ RunTime:0.000485s ]
INFO: [ app_begin ] --END-- [ RunTime:0.000771s ]
ERR: 无法加载控制器:ChinaArea.xml

[ 2015-06-16T19:56:51+08:00 ] 127.0.0.1 /index.php/Home/Buy/ChinaArea.xml
INFO: [ app_begin ] --START--
INFO: Run Behavior\ReadHtmlCacheBehavior [ RunTime:0.000514s ]
INFO: [ app_begin ] --END-- [ RunTime:0.000879s ]
SQL: SHOW COLUMNS FROM `sw_goods` [ RunTime:0.0029s ]
SQL: SHOW COLUMNS FROM `sw_category` [ RunTime:0.0033s ]
SQL: SELECT * FROM `sw_goods` WHERE ( is_hot=1 )  [ RunTime:0.0005s ]
NOTIC: [8] Undefined variable: cate_info E:\www\PHP1\ljl\2015-05-28\shop\Tool\HbaseController.class.php 第 14 行.
SQL: SHOW COLUMNS FROM `sw_category` [ RunTime:0.0041s ]
SQL: SELECT * FROM `sw_category`  [ RunTime:0.0003s ]
ERR: 非法操作:ChinaArea.xml

[ 2015-06-16T19:57:36+08:00 ] 127.0.0.1 /index.php/Home/Buy/ChinaArea.xml
INFO: [ app_begin ] --START--
INFO: Run Behavior\ReadHtmlCacheBehavior [ RunTime:0.000701s ]
INFO: [ app_begin ] --END-- [ RunTime:0.001141s ]
SQL: SHOW COLUMNS FROM `sw_goods` [ RunTime:0.0035s ]
SQL: SHOW COLUMNS FROM `sw_category` [ RunTime:0.0032s ]
SQL: SELECT * FROM `sw_goods` WHERE ( is_hot=1 )  [ RunTime:0.0004s ]
NOTIC: [8] Undefined variable: cate_info E:\www\PHP1\ljl\2015-05-28\shop\Tool\HbaseController.class.php 第 14 行.
SQL: SHOW COLUMNS FROM `sw_category` [ RunTime:0.0031s ]
SQL: SELECT * FROM `sw_category`  [ RunTime:0.0003s ]
ERR: 非法操作:ChinaArea.xml

[ 2015-06-16T19:57:56+08:00 ] 127.0.0.1 /index.php/Home/Buy/ChinaArea.xml
ERR: 非法操作:ChinaArea.xml

